<?xml version="1.0" encoding="UTF-8"?>
<testsuite xmlns:xsi="http://www.w3.org/2001/XMLSchema-instance" xsi:noNamespaceSchemaLocation="https://maven.apache.org/surefire/maven-surefire-plugin/xsd/surefire-test-report-3.0.xsd" version="3.0" name="com.wallet.WalletServiceApplicationTests" time="38.782" tests="11" errors="0" skipped="0" failures="0">
  <properties>
[...]
</properties>
  <testcase name="testCreateWallet" classname="com.wallet.WalletServiceApplicationTests" time="3.873">
    <system-out><![CDATA[16:35:03.987 [main] INFO org.springframework.test.context.support.AnnotationConfigContextLoaderUtils -- Could not detect default configuration classes for test class [com.wallet.WalletServiceApplicationTests]: WalletServiceApplicationTests does not declare any static, non-private, non-final, nested classes annotated with @Configuration.
16:35:04.581 [main] INFO org.springframework.boot.test.context.SpringBootTestContextBootstrapper -- Found @SpringBootConfiguration com.wallet.WalletServiceApplication for test class com.wallet.WalletServiceApplicationTests

  .   ____          _            __ _ _
 /\\ / ___'_ __ _ _(_)_ __  __ _ \ \ \ \
( ( )\___ | '_ | '_| | '_ \/ _` | \ \ \ \
 \\/  ___)| |_)| | | | | || (_| |  ) ) ) )
  '  |____| .__|_| |_|_| |_\__, | / / / /
 =========|_|==============|___/=/_/_/_/
 :: Spring Boot ::                (v3.2.1)

2025-12-29T16:35:06.638+01:00  INFO 34076 --- [wallet-service] [           main] c.wallet.WalletServiceApplicationTests   : Starting WalletServiceApplicationTests using Java 21.0.6 with PID 34076 (started by AyemidotunOjuolape in C:\Users\AyemidotunOjuolape\Desktop\codeInt)
2025-12-29T16:35:06.644+01:00 DEBUG 34076 --- [wallet-service] [           main] c.wallet.WalletServiceApplicationTests   : Running with Spring Boot v3.2.1, Spring v6.1.2
2025-12-29T16:35:06.650+01:00  INFO 34076 --- [wallet-service] [           main] c.wallet.WalletServiceApplicationTests   : No active profile set, falling back to 1 default profile: "default"
2025-12-29T16:35:10.103+01:00  INFO 34076 --- [wallet-service] [           main] .s.d.r.c.RepositoryConfigurationDelegate : Bootstrapping Spring Data JPA repositories in DEFAULT mode.
2025-12-29T16:35:10.551+01:00  INFO 34076 --- [wallet-service] [           main] .s.d.r.c.RepositoryConfigurationDelegate : Finished Spring Data repository scanning in 411 ms. Found 2 JPA repository interfaces.
2025-12-29T16:35:15.146+01:00  INFO 34076 --- [wallet-service] [           main] o.hibernate.jpa.internal.util.LogHelper  : HHH000204: Processing PersistenceUnitInfo [name: default]
2025-12-29T16:35:16.031+01:00  INFO 34076 --- [wallet-service] [           main] org.hibernate.Version                    : HHH000412: Hibernate ORM core version 6.4.1.Final
2025-12-29T16:35:16.738+01:00  INFO 34076 --- [wallet-service] [           main] o.h.c.internal.RegionFactoryInitiator    : HHH000026: Second-level cache disabled
2025-12-29T16:35:20.248+01:00  INFO 34076 --- [wallet-service] [           main] o.s.o.j.p.SpringPersistenceUnitInfo      : No LoadTimeWeaver setup: ignoring JPA class transformer
2025-12-29T16:35:20.679+01:00  INFO 34076 --- [wallet-service] [           main] com.zaxxer.hikari.HikariDataSource       : HikariPool-1 - Starting...
2025-12-29T16:35:21.907+01:00  INFO 34076 --- [wallet-service] [           main] com.zaxxer.hikari.pool.HikariPool        : HikariPool-1 - Added connection conn0: url=jdbc:h2:mem:walletdb user=SA
2025-12-29T16:35:21.928+01:00  INFO 34076 --- [wallet-service] [           main] com.zaxxer.hikari.HikariDataSource       : HikariPool-1 - Start completed.
2025-12-29T16:35:22.068+01:00  WARN 34076 --- [wallet-service] [           main] org.hibernate.orm.deprecation            : HHH90000025: H2Dialect does not need to be specified explicitly using 'hibernate.dialect' (remove the property setting and it will be selected by default)
2025-12-29T16:35:28.158+01:00  INFO 34076 --- [wallet-service] [           main] o.h.e.t.j.p.i.JtaPlatformInitiator       : HHH000489: No JTA platform available (set 'hibernate.transaction.jta.platform' to enable JTA platform integration)
2025-12-29T16:35:28.237+01:00 DEBUG 34076 --- [wallet-service] [           main] org.hibernate.SQL                        : 
    drop table if exists transactions cascade 
Hibernate: 
    drop table if exists transactions cascade 
2025-12-29T16:35:28.253+01:00 DEBUG 34076 --- [wallet-service] [           main] org.hibernate.SQL                        : 
    drop table if exists wallets cascade 
Hibernate: 
    drop table if exists wallets cascade 
2025-12-29T16:35:28.272+01:00 DEBUG 34076 --- [wallet-service] [           main] org.hibernate.SQL                        : 
    create table transactions (
        amount bigint not null,
        balance_after bigint not null,
        created_at timestamp(6) not null,
        id uuid not null,
        related_wallet_id uuid,
        transfer_id uuid,
        wallet_id uuid not null,
        description varchar(255),
        idempotency_key varchar(255) not null unique,
        type varchar(255) not null check (type in ('CREDIT','DEBIT','TRANSFER_IN','TRANSFER_OUT')),
        primary key (id)
    )
Hibernate: 
    create table transactions (
        amount bigint not null,
        balance_after bigint not null,
        created_at timestamp(6) not null,
        id uuid not null,
        related_wallet_id uuid,
        transfer_id uuid,
        wallet_id uuid not null,
        description varchar(255),
        idempotency_key varchar(255) not null unique,
        type varchar(255) not null check (type in ('CREDIT','DEBIT','TRANSFER_IN','TRANSFER_OUT')),
        primary key (id)
    )
2025-12-29T16:35:28.316+01:00 DEBUG 34076 --- [wallet-service] [           main] org.hibernate.SQL                        : 
    create table wallets (
        currency varchar(3) not null,
        balance bigint not null,
        created_at timestamp(6) not null,
        updated_at timestamp(6) not null,
        version bigint,
        id uuid not null,
        name varchar(255),
        primary key (id)
    )
Hibernate: 
    create table wallets (
        currency varchar(3) not null,
        balance bigint not null,
        created_at timestamp(6) not null,
        updated_at timestamp(6) not null,
        version bigint,
        id uuid not null,
        name varchar(255),
        primary key (id)
    )
2025-12-29T16:35:28.355+01:00 DEBUG 34076 --- [wallet-service] [           main] org.hibernate.SQL                        : 
    create index idx_wallet_id 
       on transactions (wallet_id)
Hibernate: 
    create index idx_wallet_id 
       on transactions (wallet_id)
2025-12-29T16:35:28.361+01:00 DEBUG 34076 --- [wallet-service] [           main] org.hibernate.SQL                        : 
    alter table if exists transactions 
       add constraint FK23bop5lktue0o5q7kr19ti8h 
       foreign key (wallet_id) 
       references wallets
Hibernate: 
    alter table if exists transactions 
       add constraint FK23bop5lktue0o5q7kr19ti8h 
       foreign key (wallet_id) 
       references wallets
2025-12-29T16:35:28.436+01:00  INFO 34076 --- [wallet-service] [           main] j.LocalContainerEntityManagerFactoryBean : Initialized JPA EntityManagerFactory for persistence unit 'default'
2025-12-29T16:35:30.162+01:00  INFO 34076 --- [wallet-service] [           main] o.s.d.j.r.query.QueryEnhancerFactory     : Hibernate is in classpath; If applicable, HQL parser will be used.
2025-12-29T16:35:33.304+01:00  WARN 34076 --- [wallet-service] [           main] JpaBaseConfiguration$JpaWebConfiguration : spring.jpa.open-in-view is enabled by default. Therefore, database queries may be performed during view rendering. Explicitly configure spring.jpa.open-in-view to disable this warning
2025-12-29T16:35:35.617+01:00  INFO 34076 --- [wallet-service] [           main] o.s.b.a.h2.H2ConsoleAutoConfiguration    : H2 console available at '/h2-console'. Database available at 'jdbc:h2:mem:walletdb'
2025-12-29T16:35:36.006+01:00  INFO 34076 --- [wallet-service] [           main] o.s.b.t.m.w.SpringBootMockServletContext : Initializing Spring TestDispatcherServlet ''
2025-12-29T16:35:36.007+01:00  INFO 34076 --- [wallet-service] [           main] o.s.t.web.servlet.TestDispatcherServlet  : Initializing Servlet ''
2025-12-29T16:35:36.015+01:00  INFO 34076 --- [wallet-service] [           main] o.s.t.web.servlet.TestDispatcherServlet  : Completed initialization in 5 ms
2025-12-29T16:35:36.116+01:00  INFO 34076 --- [wallet-service] [           main] c.wallet.WalletServiceApplicationTests   : Started WalletServiceApplicationTests in 30.947 seconds (process running for 35.46)
2025-12-29T16:35:39.643+01:00  INFO 34076 --- [wallet-service] [           main] com.wallet.controller.WalletController   : POST /wallets - Creating wallet
2025-12-29T16:35:39.663+01:00  INFO 34076 --- [wallet-service] [           main] c.wallet.service.impl.WalletServiceImpl  : Creating wallet with name: Test Wallet, currency: USD
2025-12-29T16:35:39.755+01:00  INFO 34076 --- [wallet-service] [           main] c.wallet.service.impl.WalletServiceImpl  : Created wallet with ID: e5db0aef-8b8c-47d3-8442-f60fe66a5f22
2025-12-29T16:35:39.806+01:00 DEBUG 34076 --- [wallet-service] [           main] org.hibernate.SQL                        : 
    insert 
    into
        wallets
        (balance, created_at, currency, name, updated_at, version, id) 
    values
        (?, ?, ?, ?, ?, ?, ?)
Hibernate: 
    insert 
    into
        wallets
        (balance, created_at, currency, name, updated_at, version, id) 
    values
        (?, ?, ?, ?, ?, ?, ?)
]]></system-out>
    <system-err><![CDATA[WARNING: A Java agent has been loaded dynamically (C:\Users\AyemidotunOjuolape\.m2\repository\net\bytebuddy\byte-buddy-agent\1.14.10\byte-buddy-agent-1.14.10.jar)
WARNING: If a serviceability tool is in use, please run with -XX:+EnableDynamicAgentLoading to hide this warning
WARNING: If a serviceability tool is not in use, please run with -Djdk.instrument.traceUsage for more information
WARNING: Dynamic loading of agents will be disallowed by default in a future release
]]></system-err>
  </testcase>
  <testcase name="testDebitInsufficientBalance" classname="com.wallet.WalletServiceApplicationTests" time="0.743">
    <system-out><![CDATA[2025-12-29T16:35:40.216+01:00  INFO 34076 --- [wallet-service] [           main] com.wallet.controller.WalletController   : POST /wallets - Creating wallet
2025-12-29T16:35:40.217+01:00  INFO 34076 --- [wallet-service] [           main] c.wallet.service.impl.WalletServiceImpl  : Creating wallet with name: Test Wallet 3f31f3fa-c262-4abe-bc54-1530f19fc15c, currency: USD
2025-12-29T16:35:40.218+01:00  INFO 34076 --- [wallet-service] [           main] c.wallet.service.impl.WalletServiceImpl  : Created wallet with ID: 6d0450de-2716-4b31-a8e4-aca9344e84fc
2025-12-29T16:35:40.220+01:00 DEBUG 34076 --- [wallet-service] [           main] org.hibernate.SQL                        : 
    insert 
    into
        wallets
        (balance, created_at, currency, name, updated_at, version, id) 
    values
        (?, ?, ?, ?, ?, ?, ?)
Hibernate: 
    insert 
    into
        wallets
        (balance, created_at, currency, name, updated_at, version, id) 
    values
        (?, ?, ?, ?, ?, ?, ?)
2025-12-29T16:35:40.328+01:00  INFO 34076 --- [wallet-service] [           main] c.w.controller.TransactionController     : POST /transactions - Type: DEBIT, Wallet: 6d0450de-2716-4b31-a8e4-aca9344e84fc
2025-12-29T16:35:40.335+01:00  INFO 34076 --- [wallet-service] [           main] c.wallet.service.impl.WalletServiceImpl  : Processing transaction - Type: DEBIT, Wallet: 6d0450de-2716-4b31-a8e4-aca9344e84fc, Amount: 5000, Key: test-insufficient-616349c3-42ce-47bd-af42-6d9d3f03b204
2025-12-29T16:35:40.825+01:00 DEBUG 34076 --- [wallet-service] [           main] org.hibernate.SQL                        : 
    select
        t1_0.id,
        t1_0.amount,
        t1_0.balance_after,
        t1_0.created_at,
        t1_0.description,
        t1_0.idempotency_key,
        t1_0.related_wallet_id,
        t1_0.transfer_id,
        t1_0.type,
        t1_0.wallet_id 
    from
        transactions t1_0 
    where
        t1_0.idempotency_key=?
Hibernate: 
    select
        t1_0.id,
        t1_0.amount,
        t1_0.balance_after,
        t1_0.created_at,
        t1_0.description,
        t1_0.idempotency_key,
        t1_0.related_wallet_id,
        t1_0.transfer_id,
        t1_0.type,
        t1_0.wallet_id 
    from
        transactions t1_0 
    where
        t1_0.idempotency_key=?
2025-12-29T16:35:40.884+01:00 DEBUG 34076 --- [wallet-service] [           main] org.hibernate.SQL                        : 
    select
        w1_0.id,
        w1_0.balance,
        w1_0.created_at,
        w1_0.currency,
        w1_0.name,
        w1_0.updated_at,
        w1_0.version 
    from
        wallets w1_0 
    where
        w1_0.id=? for update
Hibernate: 
    select
        w1_0.id,
        w1_0.balance,
        w1_0.created_at,
        w1_0.currency,
        w1_0.name,
        w1_0.updated_at,
        w1_0.version 
    from
        wallets w1_0 
    where
        w1_0.id=? for update
2025-12-29T16:35:40.925+01:00  WARN 34076 --- [wallet-service] [           main] c.w.exception.GlobalExceptionHandler     : Insufficient balance: Insufficient balance. Current: 1000, Requested: 5000
]]></system-out>
  </testcase>
  <testcase name="testTransferToSameWallet" classname="com.wallet.WalletServiceApplicationTests" time="0.067">
    <system-out><![CDATA[2025-12-29T16:35:40.968+01:00  INFO 34076 --- [wallet-service] [           main] com.wallet.controller.WalletController   : POST /wallets - Creating wallet
2025-12-29T16:35:40.970+01:00  INFO 34076 --- [wallet-service] [           main] c.wallet.service.impl.WalletServiceImpl  : Creating wallet with name: Test Wallet e76ea6a4-756e-40e8-9f09-111098b05c42, currency: USD
2025-12-29T16:35:40.971+01:00  INFO 34076 --- [wallet-service] [           main] c.wallet.service.impl.WalletServiceImpl  : Created wallet with ID: 8e58f4fa-6b0a-4b42-aa6e-936709dd8602
2025-12-29T16:35:40.972+01:00 DEBUG 34076 --- [wallet-service] [           main] org.hibernate.SQL                        : 
    insert 
    into
        wallets
        (balance, created_at, currency, name, updated_at, version, id) 
    values
        (?, ?, ?, ?, ?, ?, ?)
Hibernate: 
    insert 
    into
        wallets
        (balance, created_at, currency, name, updated_at, version, id) 
    values
        (?, ?, ?, ?, ?, ?, ?)
2025-12-29T16:35:41.005+01:00  INFO 34076 --- [wallet-service] [           main] c.w.controller.TransactionController     : POST /transactions/transfer - From: 8e58f4fa-6b0a-4b42-aa6e-936709dd8602, To: 8e58f4fa-6b0a-4b42-aa6e-936709dd8602
2025-12-29T16:35:41.007+01:00  INFO 34076 --- [wallet-service] [           main] c.wallet.service.impl.WalletServiceImpl  : Processing transfer - From: 8e58f4fa-6b0a-4b42-aa6e-936709dd8602, To: 8e58f4fa-6b0a-4b42-aa6e-936709dd8602, Amount: 1000, Key: test-same-wallet-bb0bb837-0c6d-4db6-8949-f38286f70380
2025-12-29T16:35:41.010+01:00  WARN 34076 --- [wallet-service] [           main] c.w.exception.GlobalExceptionHandler     : Invalid transaction: Cannot transfer to the same wallet
]]></system-out>
  </testcase>
  <testcase name="testIdempotency" classname="com.wallet.WalletServiceApplicationTests" time="0.353">
    <system-out><![CDATA[2025-12-29T16:35:41.034+01:00  INFO 34076 --- [wallet-service] [           main] com.wallet.controller.WalletController   : POST /wallets - Creating wallet
2025-12-29T16:35:41.035+01:00  INFO 34076 --- [wallet-service] [           main] c.wallet.service.impl.WalletServiceImpl  : Creating wallet with name: Test Wallet b681c8e9-4aea-4c57-b11e-b7024ce73a79, currency: USD
2025-12-29T16:35:41.036+01:00  INFO 34076 --- [wallet-service] [           main] c.wallet.service.impl.WalletServiceImpl  : Created wallet with ID: 70d398f6-4c17-41d6-b456-d4b8d538cf69
2025-12-29T16:35:41.045+01:00 DEBUG 34076 --- [wallet-service] [           main] org.hibernate.SQL                        : 
    insert 
    into
        wallets
        (balance, created_at, currency, name, updated_at, version, id) 
    values
        (?, ?, ?, ?, ?, ?, ?)
Hibernate: 
    insert 
    into
        wallets
        (balance, created_at, currency, name, updated_at, version, id) 
    values
        (?, ?, ?, ?, ?, ?, ?)
2025-12-29T16:35:41.053+01:00  INFO 34076 --- [wallet-service] [           main] c.w.controller.TransactionController     : POST /transactions - Type: CREDIT, Wallet: 70d398f6-4c17-41d6-b456-d4b8d538cf69
2025-12-29T16:35:41.053+01:00  INFO 34076 --- [wallet-service] [           main] c.wallet.service.impl.WalletServiceImpl  : Processing transaction - Type: CREDIT, Wallet: 70d398f6-4c17-41d6-b456-d4b8d538cf69, Amount: 5000, Key: test-idempotency-a542ea53-57de-4eee-ba92-cab61ca29e51
2025-12-29T16:35:41.057+01:00 DEBUG 34076 --- [wallet-service] [           main] org.hibernate.SQL                        : 
    select
        t1_0.id,
        t1_0.amount,
        t1_0.balance_after,
        t1_0.created_at,
        t1_0.description,
        t1_0.idempotency_key,
        t1_0.related_wallet_id,
        t1_0.transfer_id,
        t1_0.type,
        t1_0.wallet_id 
    from
        transactions t1_0 
    where
        t1_0.idempotency_key=?
Hibernate: 
    select
        t1_0.id,
        t1_0.amount,
        t1_0.balance_after,
        t1_0.created_at,
        t1_0.description,
        t1_0.idempotency_key,
        t1_0.related_wallet_id,
        t1_0.transfer_id,
        t1_0.type,
        t1_0.wallet_id 
    from
        transactions t1_0 
    where
        t1_0.idempotency_key=?
2025-12-29T16:35:41.064+01:00 DEBUG 34076 --- [wallet-service] [           main] org.hibernate.SQL                        : 
    select
        w1_0.id,
        w1_0.balance,
        w1_0.created_at,
        w1_0.currency,
        w1_0.name,
        w1_0.updated_at,
        w1_0.version 
    from
        wallets w1_0 
    where
        w1_0.id=? for update
Hibernate: 
    select
        w1_0.id,
        w1_0.balance,
        w1_0.created_at,
        w1_0.currency,
        w1_0.name,
        w1_0.updated_at,
        w1_0.version 
    from
        wallets w1_0 
    where
        w1_0.id=? for update
2025-12-29T16:35:41.087+01:00  INFO 34076 --- [wallet-service] [           main] c.wallet.service.impl.WalletServiceImpl  : Transaction completed - ID: cf862c57-6ce0-45a5-b768-e01d6a795724, New Balance: 15000
2025-12-29T16:35:41.099+01:00 DEBUG 34076 --- [wallet-service] [           main] org.hibernate.SQL                        : 
    insert 
    into
        transactions
        (amount, balance_after, created_at, description, idempotency_key, related_wallet_id, transfer_id, type, wallet_id, id) 
    values
        (?, ?, ?, ?, ?, ?, ?, ?, ?, ?)
Hibernate: 
    insert 
    into
        transactions
        (amount, balance_after, created_at, description, idempotency_key, related_wallet_id, transfer_id, type, wallet_id, id) 
    values
        (?, ?, ?, ?, ?, ?, ?, ?, ?, ?)
2025-12-29T16:35:41.118+01:00 DEBUG 34076 --- [wallet-service] [           main] org.hibernate.SQL                        : 
    update
        wallets 
    set
        balance=?,
        currency=?,
        name=?,
        updated_at=?,
        version=? 
    where
        id=? 
        and version=?
Hibernate: 
    update
        wallets 
    set
        balance=?,
        currency=?,
        name=?,
        updated_at=?,
        version=? 
    where
        id=? 
        and version=?
2025-12-29T16:35:41.218+01:00  INFO 34076 --- [wallet-service] [           main] c.w.controller.TransactionController     : POST /transactions - Type: CREDIT, Wallet: 70d398f6-4c17-41d6-b456-d4b8d538cf69
2025-12-29T16:35:41.219+01:00  INFO 34076 --- [wallet-service] [           main] c.wallet.service.impl.WalletServiceImpl  : Processing transaction - Type: CREDIT, Wallet: 70d398f6-4c17-41d6-b456-d4b8d538cf69, Amount: 5000, Key: test-idempotency-a542ea53-57de-4eee-ba92-cab61ca29e51
2025-12-29T16:35:41.239+01:00 DEBUG 34076 --- [wallet-service] [           main] org.hibernate.SQL                        : 
    select
        t1_0.id,
        t1_0.amount,
        t1_0.balance_after,
        t1_0.created_at,
        t1_0.description,
        t1_0.idempotency_key,
        t1_0.related_wallet_id,
        t1_0.transfer_id,
        t1_0.type,
        t1_0.wallet_id 
    from
        transactions t1_0 
    where
        t1_0.idempotency_key=?
Hibernate: 
    select
        t1_0.id,
        t1_0.amount,
        t1_0.balance_after,
        t1_0.created_at,
        t1_0.description,
        t1_0.idempotency_key,
        t1_0.related_wallet_id,
        t1_0.transfer_id,
        t1_0.type,
        t1_0.wallet_id 
    from
        transactions t1_0 
    where
        t1_0.idempotency_key=?
2025-12-29T16:35:41.263+01:00  INFO 34076 --- [wallet-service] [           main] c.wallet.service.impl.WalletServiceImpl  : Duplicate transaction detected for key: test-idempotency-a542ea53-57de-4eee-ba92-cab61ca29e51
2025-12-29T16:35:41.273+01:00  INFO 34076 --- [wallet-service] [           main] com.wallet.controller.WalletController   : GET /wallets/70d398f6-4c17-41d6-b456-d4b8d538cf69
2025-12-29T16:35:41.280+01:00 DEBUG 34076 --- [wallet-service] [           main] c.wallet.service.impl.WalletServiceImpl  : Getting wallet: 70d398f6-4c17-41d6-b456-d4b8d538cf69
2025-12-29T16:35:41.330+01:00 DEBUG 34076 --- [wallet-service] [           main] org.hibernate.SQL                        : 
    select
        w1_0.id,
        w1_0.balance,
        w1_0.created_at,
        w1_0.currency,
        w1_0.name,
        w1_0.updated_at,
        w1_0.version 
    from
        wallets w1_0 
    where
        w1_0.id=?
Hibernate: 
    select
        w1_0.id,
        w1_0.balance,
        w1_0.created_at,
        w1_0.currency,
        w1_0.name,
        w1_0.updated_at,
        w1_0.version 
    from
        wallets w1_0 
    where
        w1_0.id=?
]]></system-out>
  </testcase>
  <testcase name="testDebitTransaction" classname="com.wallet.WalletServiceApplicationTests" time="0.217">
    <system-out><![CDATA[2025-12-29T16:35:41.496+01:00  INFO 34076 --- [wallet-service] [           main] com.wallet.controller.WalletController   : POST /wallets - Creating wallet
2025-12-29T16:35:41.498+01:00  INFO 34076 --- [wallet-service] [           main] c.wallet.service.impl.WalletServiceImpl  : Creating wallet with name: Test Wallet a8466dc2-280b-4300-8878-151f17145579, currency: USD
2025-12-29T16:35:41.500+01:00  INFO 34076 --- [wallet-service] [           main] c.wallet.service.impl.WalletServiceImpl  : Created wallet with ID: 41005bc2-3c6f-4e66-a74a-18f94d47facd
2025-12-29T16:35:41.502+01:00 DEBUG 34076 --- [wallet-service] [           main] org.hibernate.SQL                        : 
    insert 
    into
        wallets
        (balance, created_at, currency, name, updated_at, version, id) 
    values
        (?, ?, ?, ?, ?, ?, ?)
Hibernate: 
    insert 
    into
        wallets
        (balance, created_at, currency, name, updated_at, version, id) 
    values
        (?, ?, ?, ?, ?, ?, ?)
2025-12-29T16:35:41.512+01:00  INFO 34076 --- [wallet-service] [           main] c.w.controller.TransactionController     : POST /transactions - Type: DEBIT, Wallet: 41005bc2-3c6f-4e66-a74a-18f94d47facd
2025-12-29T16:35:41.514+01:00  INFO 34076 --- [wallet-service] [           main] c.wallet.service.impl.WalletServiceImpl  : Processing transaction - Type: DEBIT, Wallet: 41005bc2-3c6f-4e66-a74a-18f94d47facd, Amount: 3000, Key: test-debit-501173d0-f8a9-4f5e-b7cc-f5bb7d6d87bb
2025-12-29T16:35:41.537+01:00 DEBUG 34076 --- [wallet-service] [           main] org.hibernate.SQL                        : 
    select
        t1_0.id,
        t1_0.amount,
        t1_0.balance_after,
        t1_0.created_at,
        t1_0.description,
        t1_0.idempotency_key,
        t1_0.related_wallet_id,
        t1_0.transfer_id,
        t1_0.type,
        t1_0.wallet_id 
    from
        transactions t1_0 
    where
        t1_0.idempotency_key=?
Hibernate: 
    select
        t1_0.id,
        t1_0.amount,
        t1_0.balance_after,
        t1_0.created_at,
        t1_0.description,
        t1_0.idempotency_key,
        t1_0.related_wallet_id,
        t1_0.transfer_id,
        t1_0.type,
        t1_0.wallet_id 
    from
        transactions t1_0 
    where
        t1_0.idempotency_key=?
2025-12-29T16:35:41.545+01:00 DEBUG 34076 --- [wallet-service] [           main] org.hibernate.SQL                        : 
    select
        w1_0.id,
        w1_0.balance,
        w1_0.created_at,
        w1_0.currency,
        w1_0.name,
        w1_0.updated_at,
        w1_0.version 
    from
        wallets w1_0 
    where
        w1_0.id=? for update
Hibernate: 
    select
        w1_0.id,
        w1_0.balance,
        w1_0.created_at,
        w1_0.currency,
        w1_0.name,
        w1_0.updated_at,
        w1_0.version 
    from
        wallets w1_0 
    where
        w1_0.id=? for update
2025-12-29T16:35:41.557+01:00  INFO 34076 --- [wallet-service] [           main] c.wallet.service.impl.WalletServiceImpl  : Transaction completed - ID: 6fc663ec-d2f6-440e-b887-2f03aaf3d06c, New Balance: 7000
2025-12-29T16:35:41.578+01:00 DEBUG 34076 --- [wallet-service] [           main] org.hibernate.SQL                        : 
    insert 
    into
        transactions
        (amount, balance_after, created_at, description, idempotency_key, related_wallet_id, transfer_id, type, wallet_id, id) 
    values
        (?, ?, ?, ?, ?, ?, ?, ?, ?, ?)
Hibernate: 
    insert 
    into
        transactions
        (amount, balance_after, created_at, description, idempotency_key, related_wallet_id, transfer_id, type, wallet_id, id) 
    values
        (?, ?, ?, ?, ?, ?, ?, ?, ?, ?)
2025-12-29T16:35:41.587+01:00 DEBUG 34076 --- [wallet-service] [           main] org.hibernate.SQL                        : 
    update
        wallets 
    set
        balance=?,
        currency=?,
        name=?,
        updated_at=?,
        version=? 
    where
        id=? 
        and version=?
Hibernate: 
    update
        wallets 
    set
        balance=?,
        currency=?,
        name=?,
        updated_at=?,
        version=? 
    where
        id=? 
        and version=?
]]></system-out>
  </testcase>
  <testcase name="testCreditTransaction" classname="com.wallet.WalletServiceApplicationTests" time="0.065">
    <system-out><![CDATA[2025-12-29T16:35:41.665+01:00  INFO 34076 --- [wallet-service] [           main] com.wallet.controller.WalletController   : POST /wallets - Creating wallet
2025-12-29T16:35:41.666+01:00  INFO 34076 --- [wallet-service] [           main] c.wallet.service.impl.WalletServiceImpl  : Creating wallet with name: Test Wallet 8a74c91c-ee3f-465a-94fb-12030051a9be, currency: USD
2025-12-29T16:35:41.668+01:00  INFO 34076 --- [wallet-service] [           main] c.wallet.service.impl.WalletServiceImpl  : Created wallet with ID: c7c368e6-d8c5-40cb-bb81-a4ecc9b51b7a
2025-12-29T16:35:41.669+01:00 DEBUG 34076 --- [wallet-service] [           main] org.hibernate.SQL                        : 
    insert 
    into
        wallets
        (balance, created_at, currency, name, updated_at, version, id) 
    values
        (?, ?, ?, ?, ?, ?, ?)
Hibernate: 
    insert 
    into
        wallets
        (balance, created_at, currency, name, updated_at, version, id) 
    values
        (?, ?, ?, ?, ?, ?, ?)
2025-12-29T16:35:41.681+01:00  INFO 34076 --- [wallet-service] [           main] c.w.controller.TransactionController     : POST /transactions - Type: CREDIT, Wallet: c7c368e6-d8c5-40cb-bb81-a4ecc9b51b7a
2025-12-29T16:35:41.681+01:00  INFO 34076 --- [wallet-service] [           main] c.wallet.service.impl.WalletServiceImpl  : Processing transaction - Type: CREDIT, Wallet: c7c368e6-d8c5-40cb-bb81-a4ecc9b51b7a, Amount: 5000, Key: test-credit-fecc1963-f635-4f35-afe2-44c0c834a311
2025-12-29T16:35:41.685+01:00 DEBUG 34076 --- [wallet-service] [           main] org.hibernate.SQL                        : 
    select
        t1_0.id,
        t1_0.amount,
        t1_0.balance_after,
        t1_0.created_at,
        t1_0.description,
        t1_0.idempotency_key,
        t1_0.related_wallet_id,
        t1_0.transfer_id,
        t1_0.type,
        t1_0.wallet_id 
    from
        transactions t1_0 
    where
        t1_0.idempotency_key=?
Hibernate: 
    select
        t1_0.id,
        t1_0.amount,
        t1_0.balance_after,
        t1_0.created_at,
        t1_0.description,
        t1_0.idempotency_key,
        t1_0.related_wallet_id,
        t1_0.transfer_id,
        t1_0.type,
        t1_0.wallet_id 
    from
        transactions t1_0 
    where
        t1_0.idempotency_key=?
2025-12-29T16:35:41.694+01:00 DEBUG 34076 --- [wallet-service] [           main] org.hibernate.SQL                        : 
    select
        w1_0.id,
        w1_0.balance,
        w1_0.created_at,
        w1_0.currency,
        w1_0.name,
        w1_0.updated_at,
        w1_0.version 
    from
        wallets w1_0 
    where
        w1_0.id=? for update
Hibernate: 
    select
        w1_0.id,
        w1_0.balance,
        w1_0.created_at,
        w1_0.currency,
        w1_0.name,
        w1_0.updated_at,
        w1_0.version 
    from
        wallets w1_0 
    where
        w1_0.id=? for update
2025-12-29T16:35:41.701+01:00  INFO 34076 --- [wallet-service] [           main] c.wallet.service.impl.WalletServiceImpl  : Transaction completed - ID: 625ddd4f-71ce-4d6a-a33e-9a87f6c226af, New Balance: 15000
2025-12-29T16:35:41.702+01:00 DEBUG 34076 --- [wallet-service] [           main] org.hibernate.SQL                        : 
    insert 
    into
        transactions
        (amount, balance_after, created_at, description, idempotency_key, related_wallet_id, transfer_id, type, wallet_id, id) 
    values
        (?, ?, ?, ?, ?, ?, ?, ?, ?, ?)
Hibernate: 
    insert 
    into
        transactions
        (amount, balance_after, created_at, description, idempotency_key, related_wallet_id, transfer_id, type, wallet_id, id) 
    values
        (?, ?, ?, ?, ?, ?, ?, ?, ?, ?)
2025-12-29T16:35:41.704+01:00 DEBUG 34076 --- [wallet-service] [           main] org.hibernate.SQL                        : 
    update
        wallets 
    set
        balance=?,
        currency=?,
        name=?,
        updated_at=?,
        version=? 
    where
        id=? 
        and version=?
Hibernate: 
    update
        wallets 
    set
        balance=?,
        currency=?,
        name=?,
        updated_at=?,
        version=? 
    where
        id=? 
        and version=?
]]></system-out>
  </testcase>
  <testcase name="testTransferInsufficientBalance" classname="com.wallet.WalletServiceApplicationTests" time="0.115">
    <system-out><![CDATA[2025-12-29T16:35:41.723+01:00  INFO 34076 --- [wallet-service] [           main] com.wallet.controller.WalletController   : POST /wallets - Creating wallet
2025-12-29T16:35:41.723+01:00  INFO 34076 --- [wallet-service] [           main] c.wallet.service.impl.WalletServiceImpl  : Creating wallet with name: Test Wallet b8fcb682-4887-4e5a-8e9f-90eaa7b64822, currency: USD
2025-12-29T16:35:41.726+01:00  INFO 34076 --- [wallet-service] [           main] c.wallet.service.impl.WalletServiceImpl  : Created wallet with ID: 974a601b-f98c-411c-bb41-23d2139d47d9
2025-12-29T16:35:41.727+01:00 DEBUG 34076 --- [wallet-service] [           main] org.hibernate.SQL                        : 
    insert 
    into
        wallets
        (balance, created_at, currency, name, updated_at, version, id) 
    values
        (?, ?, ?, ?, ?, ?, ?)
Hibernate: 
    insert 
    into
        wallets
        (balance, created_at, currency, name, updated_at, version, id) 
    values
        (?, ?, ?, ?, ?, ?, ?)
2025-12-29T16:35:41.738+01:00  INFO 34076 --- [wallet-service] [           main] com.wallet.controller.WalletController   : POST /wallets - Creating wallet
2025-12-29T16:35:41.749+01:00  INFO 34076 --- [wallet-service] [           main] c.wallet.service.impl.WalletServiceImpl  : Creating wallet with name: Test Wallet 9eee3685-9119-456b-9426-ca401f5678ea, currency: USD
2025-12-29T16:35:41.750+01:00  INFO 34076 --- [wallet-service] [           main] c.wallet.service.impl.WalletServiceImpl  : Created wallet with ID: 41eee849-97e1-4b6b-9aef-7975a1d48c3a
2025-12-29T16:35:41.752+01:00 DEBUG 34076 --- [wallet-service] [           main] org.hibernate.SQL                        : 
    insert 
    into
        wallets
        (balance, created_at, currency, name, updated_at, version, id) 
    values
        (?, ?, ?, ?, ?, ?, ?)
Hibernate: 
    insert 
    into
        wallets
        (balance, created_at, currency, name, updated_at, version, id) 
    values
        (?, ?, ?, ?, ?, ?, ?)
2025-12-29T16:35:41.765+01:00  INFO 34076 --- [wallet-service] [           main] c.w.controller.TransactionController     : POST /transactions/transfer - From: 974a601b-f98c-411c-bb41-23d2139d47d9, To: 41eee849-97e1-4b6b-9aef-7975a1d48c3a
2025-12-29T16:35:41.765+01:00  INFO 34076 --- [wallet-service] [           main] c.wallet.service.impl.WalletServiceImpl  : Processing transfer - From: 974a601b-f98c-411c-bb41-23d2139d47d9, To: 41eee849-97e1-4b6b-9aef-7975a1d48c3a, Amount: 5000, Key: test-transfer-fail-014a8233-ac09-4e24-b532-4c2c5dbdb565
2025-12-29T16:35:41.770+01:00 DEBUG 34076 --- [wallet-service] [           main] org.hibernate.SQL                        : 
    select
        t1_0.id,
        t1_0.amount,
        t1_0.balance_after,
        t1_0.created_at,
        t1_0.description,
        t1_0.idempotency_key,
        t1_0.related_wallet_id,
        t1_0.transfer_id,
        t1_0.type,
        t1_0.wallet_id 
    from
        transactions t1_0 
    where
        t1_0.idempotency_key=?
Hibernate: 
    select
        t1_0.id,
        t1_0.amount,
        t1_0.balance_after,
        t1_0.created_at,
        t1_0.description,
        t1_0.idempotency_key,
        t1_0.related_wallet_id,
        t1_0.transfer_id,
        t1_0.type,
        t1_0.wallet_id 
    from
        transactions t1_0 
    where
        t1_0.idempotency_key=?
2025-12-29T16:35:41.778+01:00 DEBUG 34076 --- [wallet-service] [           main] org.hibernate.SQL                        : 
    select
        w1_0.id,
        w1_0.balance,
        w1_0.created_at,
        w1_0.currency,
        w1_0.name,
        w1_0.updated_at,
        w1_0.version 
    from
        wallets w1_0 
    where
        w1_0.id=? for update
Hibernate: 
    select
        w1_0.id,
        w1_0.balance,
        w1_0.created_at,
        w1_0.currency,
        w1_0.name,
        w1_0.updated_at,
        w1_0.version 
    from
        wallets w1_0 
    where
        w1_0.id=? for update
2025-12-29T16:35:41.804+01:00 DEBUG 34076 --- [wallet-service] [           main] org.hibernate.SQL                        : 
    select
        w1_0.id,
        w1_0.balance,
        w1_0.created_at,
        w1_0.currency,
        w1_0.name,
        w1_0.updated_at,
        w1_0.version 
    from
        wallets w1_0 
    where
        w1_0.id=? for update
Hibernate: 
    select
        w1_0.id,
        w1_0.balance,
        w1_0.created_at,
        w1_0.currency,
        w1_0.name,
        w1_0.updated_at,
        w1_0.version 
    from
        wallets w1_0 
    where
        w1_0.id=? for update
2025-12-29T16:35:41.809+01:00  WARN 34076 --- [wallet-service] [           main] c.w.exception.GlobalExceptionHandler     : Insufficient balance: Insufficient balance. Current: 1000, Requested: 5000
2025-12-29T16:35:41.814+01:00  INFO 34076 --- [wallet-service] [           main] com.wallet.controller.WalletController   : GET /wallets/974a601b-f98c-411c-bb41-23d2139d47d9
2025-12-29T16:35:41.815+01:00 DEBUG 34076 --- [wallet-service] [           main] c.wallet.service.impl.WalletServiceImpl  : Getting wallet: 974a601b-f98c-411c-bb41-23d2139d47d9
2025-12-29T16:35:41.816+01:00 DEBUG 34076 --- [wallet-service] [           main] org.hibernate.SQL                        : 
    select
        w1_0.id,
        w1_0.balance,
        w1_0.created_at,
        w1_0.currency,
        w1_0.name,
        w1_0.updated_at,
        w1_0.version 
    from
        wallets w1_0 
    where
        w1_0.id=?
Hibernate: 
    select
        w1_0.id,
        w1_0.balance,
        w1_0.created_at,
        w1_0.currency,
        w1_0.name,
        w1_0.updated_at,
        w1_0.version 
    from
        wallets w1_0 
    where
        w1_0.id=?
2025-12-29T16:35:41.823+01:00  INFO 34076 --- [wallet-service] [           main] com.wallet.controller.WalletController   : GET /wallets/41eee849-97e1-4b6b-9aef-7975a1d48c3a
2025-12-29T16:35:41.825+01:00 DEBUG 34076 --- [wallet-service] [           main] c.wallet.service.impl.WalletServiceImpl  : Getting wallet: 41eee849-97e1-4b6b-9aef-7975a1d48c3a
2025-12-29T16:35:41.826+01:00 DEBUG 34076 --- [wallet-service] [           main] org.hibernate.SQL                        : 
    select
        w1_0.id,
        w1_0.balance,
        w1_0.created_at,
        w1_0.currency,
        w1_0.name,
        w1_0.updated_at,
        w1_0.version 
    from
        wallets w1_0 
    where
        w1_0.id=?
Hibernate: 
    select
        w1_0.id,
        w1_0.balance,
        w1_0.created_at,
        w1_0.currency,
        w1_0.name,
        w1_0.updated_at,
        w1_0.version 
    from
        wallets w1_0 
    where
        w1_0.id=?
]]></system-out>
  </testcase>
  <testcase name="testWalletNotFound" classname="com.wallet.WalletServiceApplicationTests" time="0.018">
    <system-out><![CDATA[2025-12-29T16:35:41.843+01:00  INFO 34076 --- [wallet-service] [           main] com.wallet.controller.WalletController   : GET /wallets/597b360a-3c2e-483c-98ec-4d7d5ec1af5c
2025-12-29T16:35:41.843+01:00 DEBUG 34076 --- [wallet-service] [           main] c.wallet.service.impl.WalletServiceImpl  : Getting wallet: 597b360a-3c2e-483c-98ec-4d7d5ec1af5c
2025-12-29T16:35:41.845+01:00 DEBUG 34076 --- [wallet-service] [           main] org.hibernate.SQL                        : 
    select
        w1_0.id,
        w1_0.balance,
        w1_0.created_at,
        w1_0.currency,
        w1_0.name,
        w1_0.updated_at,
        w1_0.version 
    from
        wallets w1_0 
    where
        w1_0.id=?
Hibernate: 
    select
        w1_0.id,
        w1_0.balance,
        w1_0.created_at,
        w1_0.currency,
        w1_0.name,
        w1_0.updated_at,
        w1_0.version 
    from
        wallets w1_0 
    where
        w1_0.id=?
2025-12-29T16:35:41.848+01:00  WARN 34076 --- [wallet-service] [           main] c.w.exception.GlobalExceptionHandler     : Wallet not found: Wallet not found with ID: 597b360a-3c2e-483c-98ec-4d7d5ec1af5c
]]></system-out>
  </testcase>
  <testcase name="contextLoads" classname="com.wallet.WalletServiceApplicationTests" time="0.005"/>
  <testcase name="testGetWallet" classname="com.wallet.WalletServiceApplicationTests" time="0.028">
    <system-out><![CDATA[2025-12-29T16:35:41.873+01:00  INFO 34076 --- [wallet-service] [           main] com.wallet.controller.WalletController   : POST /wallets - Creating wallet
2025-12-29T16:35:41.874+01:00  INFO 34076 --- [wallet-service] [           main] c.wallet.service.impl.WalletServiceImpl  : Creating wallet with name: Get Test Wallet, currency: USD
2025-12-29T16:35:41.877+01:00  INFO 34076 --- [wallet-service] [           main] c.wallet.service.impl.WalletServiceImpl  : Created wallet with ID: 76e50e17-a9f5-43a3-9d22-464e0d9d2327
2025-12-29T16:35:41.878+01:00 DEBUG 34076 --- [wallet-service] [           main] org.hibernate.SQL                        : 
    insert 
    into
        wallets
        (balance, created_at, currency, name, updated_at, version, id) 
    values
        (?, ?, ?, ?, ?, ?, ?)
Hibernate: 
    insert 
    into
        wallets
        (balance, created_at, currency, name, updated_at, version, id) 
    values
        (?, ?, ?, ?, ?, ?, ?)
2025-12-29T16:35:41.885+01:00  INFO 34076 --- [wallet-service] [           main] com.wallet.controller.WalletController   : GET /wallets/76e50e17-a9f5-43a3-9d22-464e0d9d2327
2025-12-29T16:35:41.886+01:00 DEBUG 34076 --- [wallet-service] [           main] c.wallet.service.impl.WalletServiceImpl  : Getting wallet: 76e50e17-a9f5-43a3-9d22-464e0d9d2327
2025-12-29T16:35:41.887+01:00 DEBUG 34076 --- [wallet-service] [           main] org.hibernate.SQL                        : 
    select
        w1_0.id,
        w1_0.balance,
        w1_0.created_at,
        w1_0.currency,
        w1_0.name,
        w1_0.updated_at,
        w1_0.version 
    from
        wallets w1_0 
    where
        w1_0.id=?
Hibernate: 
    select
        w1_0.id,
        w1_0.balance,
        w1_0.created_at,
        w1_0.currency,
        w1_0.name,
        w1_0.updated_at,
        w1_0.version 
    from
        wallets w1_0 
    where
        w1_0.id=?
]]></system-out>
  </testcase>
  <testcase name="testTransfer" classname="com.wallet.WalletServiceApplicationTests" time="0.154">
    <system-out><![CDATA[2025-12-29T16:35:41.906+01:00  INFO 34076 --- [wallet-service] [           main] com.wallet.controller.WalletController   : POST /wallets - Creating wallet
2025-12-29T16:35:41.906+01:00  INFO 34076 --- [wallet-service] [           main] c.wallet.service.impl.WalletServiceImpl  : Creating wallet with name: Test Wallet 0da49160-e904-4be2-acf6-590c47ccb325, currency: USD
2025-12-29T16:35:41.907+01:00  INFO 34076 --- [wallet-service] [           main] c.wallet.service.impl.WalletServiceImpl  : Created wallet with ID: a8325cd5-18a4-47a4-a1d3-4faba19d1be6
2025-12-29T16:35:41.909+01:00 DEBUG 34076 --- [wallet-service] [           main] org.hibernate.SQL                        : 
    insert 
    into
        wallets
        (balance, created_at, currency, name, updated_at, version, id) 
    values
        (?, ?, ?, ?, ?, ?, ?)
Hibernate: 
    insert 
    into
        wallets
        (balance, created_at, currency, name, updated_at, version, id) 
    values
        (?, ?, ?, ?, ?, ?, ?)
2025-12-29T16:35:41.922+01:00  INFO 34076 --- [wallet-service] [           main] com.wallet.controller.WalletController   : POST /wallets - Creating wallet
2025-12-29T16:35:41.923+01:00  INFO 34076 --- [wallet-service] [           main] c.wallet.service.impl.WalletServiceImpl  : Creating wallet with name: Test Wallet 5109ed5e-a113-406f-bef4-a8706c62ad12, currency: USD
2025-12-29T16:35:41.923+01:00  INFO 34076 --- [wallet-service] [           main] c.wallet.service.impl.WalletServiceImpl  : Created wallet with ID: d5335db5-dc46-493b-aa99-013491e1bc9d
2025-12-29T16:35:41.924+01:00 DEBUG 34076 --- [wallet-service] [           main] org.hibernate.SQL                        : 
    insert 
    into
        wallets
        (balance, created_at, currency, name, updated_at, version, id) 
    values
        (?, ?, ?, ?, ?, ?, ?)
Hibernate: 
    insert 
    into
        wallets
        (balance, created_at, currency, name, updated_at, version, id) 
    values
        (?, ?, ?, ?, ?, ?, ?)
2025-12-29T16:35:41.936+01:00  INFO 34076 --- [wallet-service] [           main] c.w.controller.TransactionController     : POST /transactions/transfer - From: a8325cd5-18a4-47a4-a1d3-4faba19d1be6, To: d5335db5-dc46-493b-aa99-013491e1bc9d
2025-12-29T16:35:41.937+01:00  INFO 34076 --- [wallet-service] [           main] c.wallet.service.impl.WalletServiceImpl  : Processing transfer - From: a8325cd5-18a4-47a4-a1d3-4faba19d1be6, To: d5335db5-dc46-493b-aa99-013491e1bc9d, Amount: 3000, Key: test-transfer-64da0fc3-dfbb-4dd6-92c8-c809c59a3881
2025-12-29T16:35:41.940+01:00 DEBUG 34076 --- [wallet-service] [           main] org.hibernate.SQL                        : 
    select
        t1_0.id,
        t1_0.amount,
        t1_0.balance_after,
        t1_0.created_at,
        t1_0.description,
        t1_0.idempotency_key,
        t1_0.related_wallet_id,
        t1_0.transfer_id,
        t1_0.type,
        t1_0.wallet_id 
    from
        transactions t1_0 
    where
        t1_0.idempotency_key=?
Hibernate: 
    select
        t1_0.id,
        t1_0.amount,
        t1_0.balance_after,
        t1_0.created_at,
        t1_0.description,
        t1_0.idempotency_key,
        t1_0.related_wallet_id,
        t1_0.transfer_id,
        t1_0.type,
        t1_0.wallet_id 
    from
        transactions t1_0 
    where
        t1_0.idempotency_key=?
2025-12-29T16:35:41.959+01:00 DEBUG 34076 --- [wallet-service] [           main] org.hibernate.SQL                        : 
    select
        w1_0.id,
        w1_0.balance,
        w1_0.created_at,
        w1_0.currency,
        w1_0.name,
        w1_0.updated_at,
        w1_0.version 
    from
        wallets w1_0 
    where
        w1_0.id=? for update
Hibernate: 
    select
        w1_0.id,
        w1_0.balance,
        w1_0.created_at,
        w1_0.currency,
        w1_0.name,
        w1_0.updated_at,
        w1_0.version 
    from
        wallets w1_0 
    where
        w1_0.id=? for update
2025-12-29T16:35:41.967+01:00 DEBUG 34076 --- [wallet-service] [           main] org.hibernate.SQL                        : 
    select
        w1_0.id,
        w1_0.balance,
        w1_0.created_at,
        w1_0.currency,
        w1_0.name,
        w1_0.updated_at,
        w1_0.version 
    from
        wallets w1_0 
    where
        w1_0.id=? for update
Hibernate: 
    select
        w1_0.id,
        w1_0.balance,
        w1_0.created_at,
        w1_0.currency,
        w1_0.name,
        w1_0.updated_at,
        w1_0.version 
    from
        wallets w1_0 
    where
        w1_0.id=? for update
2025-12-29T16:35:41.972+01:00  INFO 34076 --- [wallet-service] [           main] c.wallet.service.impl.WalletServiceImpl  : Transfer completed - ID: 4543bf0f-92a0-4965-86a5-62dc329ecc16, Sender Balance: 7000, Receiver Balance: 8000
2025-12-29T16:35:41.981+01:00 DEBUG 34076 --- [wallet-service] [           main] org.hibernate.SQL                        : 
    insert 
    into
        transactions
        (amount, balance_after, created_at, description, idempotency_key, related_wallet_id, transfer_id, type, wallet_id, id) 
    values
        (?, ?, ?, ?, ?, ?, ?, ?, ?, ?)
Hibernate: 
    insert 
    into
        transactions
        (amount, balance_after, created_at, description, idempotency_key, related_wallet_id, transfer_id, type, wallet_id, id) 
    values
        (?, ?, ?, ?, ?, ?, ?, ?, ?, ?)
2025-12-29T16:35:41.985+01:00 DEBUG 34076 --- [wallet-service] [           main] org.hibernate.SQL                        : 
    insert 
    into
        transactions
        (amount, balance_after, created_at, description, idempotency_key, related_wallet_id, transfer_id, type, wallet_id, id) 
    values
        (?, ?, ?, ?, ?, ?, ?, ?, ?, ?)
Hibernate: 
    insert 
    into
        transactions
        (amount, balance_after, created_at, description, idempotency_key, related_wallet_id, transfer_id, type, wallet_id, id) 
    values
        (?, ?, ?, ?, ?, ?, ?, ?, ?, ?)
2025-12-29T16:35:41.988+01:00 DEBUG 34076 --- [wallet-service] [           main] org.hibernate.SQL                        : 
    update
        wallets 
    set
        balance=?,
        currency=?,
        name=?,
        updated_at=?,
        version=? 
    where
        id=? 
        and version=?
Hibernate: 
    update
        wallets 
    set
        balance=?,
        currency=?,
        name=?,
        updated_at=?,
        version=? 
    where
        id=? 
        and version=?
2025-12-29T16:35:42.012+01:00 DEBUG 34076 --- [wallet-service] [           main] org.hibernate.SQL                        : 
    update
        wallets 
    set
        balance=?,
        currency=?,
        name=?,
        updated_at=?,
        version=? 
    where
        id=? 
        and version=?
Hibernate: 
    update
        wallets 
    set
        balance=?,
        currency=?,
        name=?,
        updated_at=?,
        version=? 
    where
        id=? 
        and version=?
2025-12-29T16:35:42.035+01:00  INFO 34076 --- [wallet-service] [           main] com.wallet.controller.WalletController   : GET /wallets/a8325cd5-18a4-47a4-a1d3-4faba19d1be6
2025-12-29T16:35:42.035+01:00 DEBUG 34076 --- [wallet-service] [           main] c.wallet.service.impl.WalletServiceImpl  : Getting wallet: a8325cd5-18a4-47a4-a1d3-4faba19d1be6
2025-12-29T16:35:42.036+01:00 DEBUG 34076 --- [wallet-service] [           main] org.hibernate.SQL                        : 
    select
        w1_0.id,
        w1_0.balance,
        w1_0.created_at,
        w1_0.currency,
        w1_0.name,
        w1_0.updated_at,
        w1_0.version 
    from
        wallets w1_0 
    where
        w1_0.id=?
Hibernate: 
    select
        w1_0.id,
        w1_0.balance,
        w1_0.created_at,
        w1_0.currency,
        w1_0.name,
        w1_0.updated_at,
        w1_0.version 
    from
        wallets w1_0 
    where
        w1_0.id=?
2025-12-29T16:35:42.043+01:00  INFO 34076 --- [wallet-service] [           main] com.wallet.controller.WalletController   : GET /wallets/d5335db5-dc46-493b-aa99-013491e1bc9d
2025-12-29T16:35:42.043+01:00 DEBUG 34076 --- [wallet-service] [           main] c.wallet.service.impl.WalletServiceImpl  : Getting wallet: d5335db5-dc46-493b-aa99-013491e1bc9d
2025-12-29T16:35:42.045+01:00 DEBUG 34076 --- [wallet-service] [           main] org.hibernate.SQL                        : 
    select
        w1_0.id,
        w1_0.balance,
        w1_0.created_at,
        w1_0.currency,
        w1_0.name,
        w1_0.updated_at,
        w1_0.version 
    from
        wallets w1_0 
    where
        w1_0.id=?
Hibernate: 
    select
        w1_0.id,
        w1_0.balance,
        w1_0.created_at,
        w1_0.currency,
        w1_0.name,
        w1_0.updated_at,
        w1_0.version 
    from
        wallets w1_0 
    where
        w1_0.id=?
]]></system-out>
  </testcase>
</testsuite>