<?xml version="1.0" encoding="UTF-8"?>
<testsuite xmlns:xsi="http://www.w3.org/2001/XMLSchema-instance" xsi:noNamespaceSchemaLocation="https://maven.apache.org/surefire/maven-surefire-plugin/xsd/surefire-test-report-3.0.xsd" version="3.0" name="com.wallet.WalletServiceApplicationTests" time="28.422" tests="11" errors="0" skipped="0" failures="0">
  <properties>
[...]
</properties>
  <testcase name="testCreateWallet" classname="com.wallet.WalletServiceApplicationTests" time="2.895">
    <system-out><![CDATA[15:58:27.683 [main] INFO org.springframework.test.context.support.AnnotationConfigContextLoaderUtils -- Could not detect default configuration classes for test class [com.wallet.WalletServiceApplicationTests]: WalletServiceApplicationTests does not declare any static, non-private, non-final, nested classes annotated with @Configuration.
15:58:28.188 [main] INFO org.springframework.boot.test.context.SpringBootTestContextBootstrapper -- Found @SpringBootConfiguration com.wallet.WalletServiceApplication for test class com.wallet.WalletServiceApplicationTests

  .   ____          _            __ _ _
 /\\ / ___'_ __ _ _(_)_ __  __ _ \ \ \ \
( ( )\___ | '_ | '_| | '_ \/ _` | \ \ \ \
 \\/  ___)| |_)| | | | | || (_| |  ) ) ) )
  '  |____| .__|_| |_|_| |_\__, | / / / /
 =========|_|==============|___/=/_/_/_/
 :: Spring Boot ::                (v3.2.1)

2025-12-29T15:58:30.323+01:00  INFO 24752 --- [wallet-service] [           main] c.wallet.WalletServiceApplicationTests   : Starting WalletServiceApplicationTests using Java 21.0.6 with PID 24752 (started by AyemidotunOjuolape in C:\Users\AyemidotunOjuolape\Desktop\codeInt)
2025-12-29T15:58:30.326+01:00 DEBUG 24752 --- [wallet-service] [           main] c.wallet.WalletServiceApplicationTests   : Running with Spring Boot v3.2.1, Spring v6.1.2
2025-12-29T15:58:30.328+01:00  INFO 24752 --- [wallet-service] [           main] c.wallet.WalletServiceApplicationTests   : No active profile set, falling back to 1 default profile: "default"
2025-12-29T15:58:33.306+01:00  INFO 24752 --- [wallet-service] [           main] .s.d.r.c.RepositoryConfigurationDelegate : Bootstrapping Spring Data JPA repositories in DEFAULT mode.
2025-12-29T15:58:33.965+01:00  INFO 24752 --- [wallet-service] [           main] .s.d.r.c.RepositoryConfigurationDelegate : Finished Spring Data repository scanning in 631 ms. Found 2 JPA repository interfaces.
2025-12-29T15:58:36.618+01:00  INFO 24752 --- [wallet-service] [           main] o.hibernate.jpa.internal.util.LogHelper  : HHH000204: Processing PersistenceUnitInfo [name: default]
2025-12-29T15:58:36.897+01:00  INFO 24752 --- [wallet-service] [           main] org.hibernate.Version                    : HHH000412: Hibernate ORM core version 6.4.1.Final
2025-12-29T15:58:37.006+01:00  INFO 24752 --- [wallet-service] [           main] o.h.c.internal.RegionFactoryInitiator    : HHH000026: Second-level cache disabled
2025-12-29T15:58:39.037+01:00  INFO 24752 --- [wallet-service] [           main] o.s.o.j.p.SpringPersistenceUnitInfo      : No LoadTimeWeaver setup: ignoring JPA class transformer
2025-12-29T15:58:39.236+01:00  INFO 24752 --- [wallet-service] [           main] com.zaxxer.hikari.HikariDataSource       : HikariPool-1 - Starting...
2025-12-29T15:58:40.795+01:00  INFO 24752 --- [wallet-service] [           main] com.zaxxer.hikari.pool.HikariPool        : HikariPool-1 - Added connection conn0: url=jdbc:h2:mem:walletdb user=SA
2025-12-29T15:58:40.800+01:00  INFO 24752 --- [wallet-service] [           main] com.zaxxer.hikari.HikariDataSource       : HikariPool-1 - Start completed.
2025-12-29T15:58:40.919+01:00  WARN 24752 --- [wallet-service] [           main] org.hibernate.orm.deprecation            : HHH90000025: H2Dialect does not need to be specified explicitly using 'hibernate.dialect' (remove the property setting and it will be selected by default)
2025-12-29T15:58:44.209+01:00  INFO 24752 --- [wallet-service] [           main] o.h.e.t.j.p.i.JtaPlatformInitiator       : HHH000489: No JTA platform available (set 'hibernate.transaction.jta.platform' to enable JTA platform integration)
2025-12-29T15:58:44.277+01:00 DEBUG 24752 --- [wallet-service] [           main] org.hibernate.SQL                        : 
    drop table if exists transactions cascade 
Hibernate: 
    drop table if exists transactions cascade 
2025-12-29T15:58:44.286+01:00 DEBUG 24752 --- [wallet-service] [           main] org.hibernate.SQL                        : 
    drop table if exists wallets cascade 
Hibernate: 
    drop table if exists wallets cascade 
2025-12-29T15:58:44.345+01:00 DEBUG 24752 --- [wallet-service] [           main] org.hibernate.SQL                        : 
    create table transactions (
        amount bigint not null,
        balance_after bigint not null,
        created_at timestamp(6) not null,
        id uuid not null,
        related_wallet_id uuid,
        transfer_id uuid,
        wallet_id uuid not null,
        description varchar(255),
        idempotency_key varchar(255) not null unique,
        type varchar(255) not null check (type in ('CREDIT','DEBIT','TRANSFER_IN','TRANSFER_OUT')),
        primary key (id)
    )
Hibernate: 
    create table transactions (
        amount bigint not null,
        balance_after bigint not null,
        created_at timestamp(6) not null,
        id uuid not null,
        related_wallet_id uuid,
        transfer_id uuid,
        wallet_id uuid not null,
        description varchar(255),
        idempotency_key varchar(255) not null unique,
        type varchar(255) not null check (type in ('CREDIT','DEBIT','TRANSFER_IN','TRANSFER_OUT')),
        primary key (id)
    )
2025-12-29T15:58:44.396+01:00 DEBUG 24752 --- [wallet-service] [           main] org.hibernate.SQL                        : 
    create table wallets (
        currency varchar(3) not null,
        balance bigint not null,
        created_at timestamp(6) not null,
        updated_at timestamp(6) not null,
        version bigint,
        id uuid not null,
        name varchar(255),
        primary key (id)
    )
Hibernate: 
    create table wallets (
        currency varchar(3) not null,
        balance bigint not null,
        created_at timestamp(6) not null,
        updated_at timestamp(6) not null,
        version bigint,
        id uuid not null,
        name varchar(255),
        primary key (id)
    )
2025-12-29T15:58:44.401+01:00 DEBUG 24752 --- [wallet-service] [           main] org.hibernate.SQL                        : 
    create index idx_wallet_id 
       on transactions (wallet_id)
Hibernate: 
    create index idx_wallet_id 
       on transactions (wallet_id)
2025-12-29T15:58:44.404+01:00 DEBUG 24752 --- [wallet-service] [           main] org.hibernate.SQL                        : 
    alter table if exists transactions 
       add constraint FK23bop5lktue0o5q7kr19ti8h 
       foreign key (wallet_id) 
       references wallets
Hibernate: 
    alter table if exists transactions 
       add constraint FK23bop5lktue0o5q7kr19ti8h 
       foreign key (wallet_id) 
       references wallets
2025-12-29T15:58:44.480+01:00  INFO 24752 --- [wallet-service] [           main] j.LocalContainerEntityManagerFactoryBean : Initialized JPA EntityManagerFactory for persistence unit 'default'
2025-12-29T15:58:45.848+01:00  INFO 24752 --- [wallet-service] [           main] o.s.d.j.r.query.QueryEnhancerFactory     : Hibernate is in classpath; If applicable, HQL parser will be used.
2025-12-29T15:58:48.428+01:00  WARN 24752 --- [wallet-service] [           main] JpaBaseConfiguration$JpaWebConfiguration : spring.jpa.open-in-view is enabled by default. Therefore, database queries may be performed during view rendering. Explicitly configure spring.jpa.open-in-view to disable this warning
2025-12-29T15:58:50.097+01:00  INFO 24752 --- [wallet-service] [           main] o.s.b.a.h2.H2ConsoleAutoConfiguration    : H2 console available at '/h2-console'. Database available at 'jdbc:h2:mem:walletdb'
2025-12-29T15:58:50.847+01:00  INFO 24752 --- [wallet-service] [           main] o.s.b.t.m.w.SpringBootMockServletContext : Initializing Spring TestDispatcherServlet ''
2025-12-29T15:58:50.848+01:00  INFO 24752 --- [wallet-service] [           main] o.s.t.web.servlet.TestDispatcherServlet  : Initializing Servlet ''
2025-12-29T15:58:50.852+01:00  INFO 24752 --- [wallet-service] [           main] o.s.t.web.servlet.TestDispatcherServlet  : Completed initialization in 2 ms
2025-12-29T15:58:50.937+01:00  INFO 24752 --- [wallet-service] [           main] c.wallet.WalletServiceApplicationTests   : Started WalletServiceApplicationTests in 22.142 seconds (process running for 26.19)
2025-12-29T15:58:53.512+01:00  INFO 24752 --- [wallet-service] [           main] com.wallet.controller.WalletController   : POST /wallets - Creating wallet
2025-12-29T15:58:53.527+01:00  INFO 24752 --- [wallet-service] [           main] com.wallet.service.WalletService         : Creating wallet with name: Test Wallet, currency: USD
2025-12-29T15:58:53.584+01:00  INFO 24752 --- [wallet-service] [           main] com.wallet.service.WalletService         : Created wallet with ID: 705d9ea7-90cb-4b1a-9dba-e99f291e77a8
2025-12-29T15:58:53.634+01:00 DEBUG 24752 --- [wallet-service] [           main] org.hibernate.SQL                        : 
    insert 
    into
        wallets
        (balance, created_at, currency, name, updated_at, version, id) 
    values
        (?, ?, ?, ?, ?, ?, ?)
Hibernate: 
    insert 
    into
        wallets
        (balance, created_at, currency, name, updated_at, version, id) 
    values
        (?, ?, ?, ?, ?, ?, ?)
]]></system-out>
    <system-err><![CDATA[WARNING: A Java agent has been loaded dynamically (C:\Users\AyemidotunOjuolape\.m2\repository\net\bytebuddy\byte-buddy-agent\1.14.10\byte-buddy-agent-1.14.10.jar)
WARNING: If a serviceability tool is in use, please run with -XX:+EnableDynamicAgentLoading to hide this warning
WARNING: If a serviceability tool is not in use, please run with -Djdk.instrument.traceUsage for more information
WARNING: Dynamic loading of agents will be disallowed by default in a future release
]]></system-err>
  </testcase>
  <testcase name="testDebitInsufficientBalance" classname="com.wallet.WalletServiceApplicationTests" time="0.628">
    <system-out><![CDATA[2025-12-29T15:58:53.963+01:00  INFO 24752 --- [wallet-service] [           main] com.wallet.controller.WalletController   : POST /wallets - Creating wallet
2025-12-29T15:58:53.963+01:00  INFO 24752 --- [wallet-service] [           main] com.wallet.service.WalletService         : Creating wallet with name: Test Wallet f2f6fc25-3aa2-4f79-a7f7-8724562a5ec0, currency: USD
2025-12-29T15:58:53.964+01:00  INFO 24752 --- [wallet-service] [           main] com.wallet.service.WalletService         : Created wallet with ID: 1730e473-545c-4214-a7c8-94abff894973
2025-12-29T15:58:53.966+01:00 DEBUG 24752 --- [wallet-service] [           main] org.hibernate.SQL                        : 
    insert 
    into
        wallets
        (balance, created_at, currency, name, updated_at, version, id) 
    values
        (?, ?, ?, ?, ?, ?, ?)
Hibernate: 
    insert 
    into
        wallets
        (balance, created_at, currency, name, updated_at, version, id) 
    values
        (?, ?, ?, ?, ?, ?, ?)
2025-12-29T15:58:54.049+01:00  INFO 24752 --- [wallet-service] [           main] c.w.controller.TransactionController     : POST /transactions - Type: DEBIT, Wallet: 1730e473-545c-4214-a7c8-94abff894973
2025-12-29T15:58:54.050+01:00  INFO 24752 --- [wallet-service] [           main] com.wallet.service.WalletService         : Processing transaction - Type: DEBIT, Wallet: 1730e473-545c-4214-a7c8-94abff894973, Amount: 5000, Key: test-insufficient-c66c4b4a-ac06-4866-ac2d-2b660c42b5cf
2025-12-29T15:58:54.436+01:00 DEBUG 24752 --- [wallet-service] [           main] org.hibernate.SQL                        : 
    select
        t1_0.id,
        t1_0.amount,
        t1_0.balance_after,
        t1_0.created_at,
        t1_0.description,
        t1_0.idempotency_key,
        t1_0.related_wallet_id,
        t1_0.transfer_id,
        t1_0.type,
        t1_0.wallet_id 
    from
        transactions t1_0 
    where
        t1_0.idempotency_key=?
Hibernate: 
    select
        t1_0.id,
        t1_0.amount,
        t1_0.balance_after,
        t1_0.created_at,
        t1_0.description,
        t1_0.idempotency_key,
        t1_0.related_wallet_id,
        t1_0.transfer_id,
        t1_0.type,
        t1_0.wallet_id 
    from
        transactions t1_0 
    where
        t1_0.idempotency_key=?
2025-12-29T15:58:54.505+01:00 DEBUG 24752 --- [wallet-service] [           main] org.hibernate.SQL                        : 
    select
        w1_0.id,
        w1_0.balance,
        w1_0.created_at,
        w1_0.currency,
        w1_0.name,
        w1_0.updated_at,
        w1_0.version 
    from
        wallets w1_0 
    where
        w1_0.id=? for update
Hibernate: 
    select
        w1_0.id,
        w1_0.balance,
        w1_0.created_at,
        w1_0.currency,
        w1_0.name,
        w1_0.updated_at,
        w1_0.version 
    from
        wallets w1_0 
    where
        w1_0.id=? for update
2025-12-29T15:58:54.543+01:00  WARN 24752 --- [wallet-service] [           main] c.w.exception.GlobalExceptionHandler     : Insufficient balance: Insufficient balance. Current: 1000, Requested: 5000
]]></system-out>
  </testcase>
  <testcase name="testTransferToSameWallet" classname="com.wallet.WalletServiceApplicationTests" time="0.064">
    <system-out><![CDATA[2025-12-29T15:58:54.581+01:00  INFO 24752 --- [wallet-service] [           main] com.wallet.controller.WalletController   : POST /wallets - Creating wallet
2025-12-29T15:58:54.582+01:00  INFO 24752 --- [wallet-service] [           main] com.wallet.service.WalletService         : Creating wallet with name: Test Wallet 80078da0-9c51-4765-9cfd-11c5be128dca, currency: USD
2025-12-29T15:58:54.584+01:00  INFO 24752 --- [wallet-service] [           main] com.wallet.service.WalletService         : Created wallet with ID: 6e08df79-92b7-4e74-870e-80281972767d
2025-12-29T15:58:54.585+01:00 DEBUG 24752 --- [wallet-service] [           main] org.hibernate.SQL                        : 
    insert 
    into
        wallets
        (balance, created_at, currency, name, updated_at, version, id) 
    values
        (?, ?, ?, ?, ?, ?, ?)
Hibernate: 
    insert 
    into
        wallets
        (balance, created_at, currency, name, updated_at, version, id) 
    values
        (?, ?, ?, ?, ?, ?, ?)
2025-12-29T15:58:54.619+01:00  INFO 24752 --- [wallet-service] [           main] c.w.controller.TransactionController     : POST /transactions/transfer - From: 6e08df79-92b7-4e74-870e-80281972767d, To: 6e08df79-92b7-4e74-870e-80281972767d
2025-12-29T15:58:54.621+01:00  INFO 24752 --- [wallet-service] [           main] com.wallet.service.WalletService         : Processing transfer - From: 6e08df79-92b7-4e74-870e-80281972767d, To: 6e08df79-92b7-4e74-870e-80281972767d, Amount: 1000, Key: test-same-wallet-2f682045-74e0-446d-a4aa-86230dea3b82
2025-12-29T15:58:54.627+01:00  WARN 24752 --- [wallet-service] [           main] c.w.exception.GlobalExceptionHandler     : Invalid transaction: Cannot transfer to the same wallet
]]></system-out>
  </testcase>
  <testcase name="testIdempotency" classname="com.wallet.WalletServiceApplicationTests" time="0.294">
    <system-out><![CDATA[2025-12-29T15:58:54.655+01:00  INFO 24752 --- [wallet-service] [           main] com.wallet.controller.WalletController   : POST /wallets - Creating wallet
2025-12-29T15:58:54.662+01:00  INFO 24752 --- [wallet-service] [           main] com.wallet.service.WalletService         : Creating wallet with name: Test Wallet c8f0b094-d1d2-48aa-bcb8-c72c542df162, currency: USD
2025-12-29T15:58:54.664+01:00  INFO 24752 --- [wallet-service] [           main] com.wallet.service.WalletService         : Created wallet with ID: caf7139e-2221-49d9-8242-e17fd35d0288
2025-12-29T15:58:54.668+01:00 DEBUG 24752 --- [wallet-service] [           main] org.hibernate.SQL                        : 
    insert 
    into
        wallets
        (balance, created_at, currency, name, updated_at, version, id) 
    values
        (?, ?, ?, ?, ?, ?, ?)
Hibernate: 
    insert 
    into
        wallets
        (balance, created_at, currency, name, updated_at, version, id) 
    values
        (?, ?, ?, ?, ?, ?, ?)
2025-12-29T15:58:54.687+01:00  INFO 24752 --- [wallet-service] [           main] c.w.controller.TransactionController     : POST /transactions - Type: CREDIT, Wallet: caf7139e-2221-49d9-8242-e17fd35d0288
2025-12-29T15:58:54.688+01:00  INFO 24752 --- [wallet-service] [           main] com.wallet.service.WalletService         : Processing transaction - Type: CREDIT, Wallet: caf7139e-2221-49d9-8242-e17fd35d0288, Amount: 5000, Key: test-idempotency-2a537105-2ad2-4603-8236-93c59e726078
2025-12-29T15:58:54.700+01:00 DEBUG 24752 --- [wallet-service] [           main] org.hibernate.SQL                        : 
    select
        t1_0.id,
        t1_0.amount,
        t1_0.balance_after,
        t1_0.created_at,
        t1_0.description,
        t1_0.idempotency_key,
        t1_0.related_wallet_id,
        t1_0.transfer_id,
        t1_0.type,
        t1_0.wallet_id 
    from
        transactions t1_0 
    where
        t1_0.idempotency_key=?
Hibernate: 
    select
        t1_0.id,
        t1_0.amount,
        t1_0.balance_after,
        t1_0.created_at,
        t1_0.description,
        t1_0.idempotency_key,
        t1_0.related_wallet_id,
        t1_0.transfer_id,
        t1_0.type,
        t1_0.wallet_id 
    from
        transactions t1_0 
    where
        t1_0.idempotency_key=?
2025-12-29T15:58:54.711+01:00 DEBUG 24752 --- [wallet-service] [           main] org.hibernate.SQL                        : 
    select
        w1_0.id,
        w1_0.balance,
        w1_0.created_at,
        w1_0.currency,
        w1_0.name,
        w1_0.updated_at,
        w1_0.version 
    from
        wallets w1_0 
    where
        w1_0.id=? for update
Hibernate: 
    select
        w1_0.id,
        w1_0.balance,
        w1_0.created_at,
        w1_0.currency,
        w1_0.name,
        w1_0.updated_at,
        w1_0.version 
    from
        wallets w1_0 
    where
        w1_0.id=? for update
2025-12-29T15:58:54.727+01:00  INFO 24752 --- [wallet-service] [           main] com.wallet.service.WalletService         : Transaction completed - ID: 250afd12-d24d-4326-9fb2-3dfc6b2eae03, New Balance: 15000
2025-12-29T15:58:54.736+01:00 DEBUG 24752 --- [wallet-service] [           main] org.hibernate.SQL                        : 
    insert 
    into
        transactions
        (amount, balance_after, created_at, description, idempotency_key, related_wallet_id, transfer_id, type, wallet_id, id) 
    values
        (?, ?, ?, ?, ?, ?, ?, ?, ?, ?)
Hibernate: 
    insert 
    into
        transactions
        (amount, balance_after, created_at, description, idempotency_key, related_wallet_id, transfer_id, type, wallet_id, id) 
    values
        (?, ?, ?, ?, ?, ?, ?, ?, ?, ?)
2025-12-29T15:58:54.749+01:00 DEBUG 24752 --- [wallet-service] [           main] org.hibernate.SQL                        : 
    update
        wallets 
    set
        balance=?,
        currency=?,
        name=?,
        updated_at=?,
        version=? 
    where
        id=? 
        and version=?
Hibernate: 
    update
        wallets 
    set
        balance=?,
        currency=?,
        name=?,
        updated_at=?,
        version=? 
    where
        id=? 
        and version=?
2025-12-29T15:58:54.803+01:00  INFO 24752 --- [wallet-service] [           main] c.w.controller.TransactionController     : POST /transactions - Type: CREDIT, Wallet: caf7139e-2221-49d9-8242-e17fd35d0288
2025-12-29T15:58:54.804+01:00  INFO 24752 --- [wallet-service] [           main] com.wallet.service.WalletService         : Processing transaction - Type: CREDIT, Wallet: caf7139e-2221-49d9-8242-e17fd35d0288, Amount: 5000, Key: test-idempotency-2a537105-2ad2-4603-8236-93c59e726078
2025-12-29T15:58:54.821+01:00 DEBUG 24752 --- [wallet-service] [           main] org.hibernate.SQL                        : 
    select
        t1_0.id,
        t1_0.amount,
        t1_0.balance_after,
        t1_0.created_at,
        t1_0.description,
        t1_0.idempotency_key,
        t1_0.related_wallet_id,
        t1_0.transfer_id,
        t1_0.type,
        t1_0.wallet_id 
    from
        transactions t1_0 
    where
        t1_0.idempotency_key=?
Hibernate: 
    select
        t1_0.id,
        t1_0.amount,
        t1_0.balance_after,
        t1_0.created_at,
        t1_0.description,
        t1_0.idempotency_key,
        t1_0.related_wallet_id,
        t1_0.transfer_id,
        t1_0.type,
        t1_0.wallet_id 
    from
        transactions t1_0 
    where
        t1_0.idempotency_key=?
2025-12-29T15:58:54.870+01:00  INFO 24752 --- [wallet-service] [           main] com.wallet.service.WalletService         : Duplicate transaction detected for key: test-idempotency-2a537105-2ad2-4603-8236-93c59e726078
2025-12-29T15:58:54.887+01:00  INFO 24752 --- [wallet-service] [           main] com.wallet.controller.WalletController   : GET /wallets/caf7139e-2221-49d9-8242-e17fd35d0288
2025-12-29T15:58:54.894+01:00 DEBUG 24752 --- [wallet-service] [           main] com.wallet.service.WalletService         : Getting wallet: caf7139e-2221-49d9-8242-e17fd35d0288
2025-12-29T15:58:54.918+01:00 DEBUG 24752 --- [wallet-service] [           main] org.hibernate.SQL                        : 
    select
        w1_0.id,
        w1_0.balance,
        w1_0.created_at,
        w1_0.currency,
        w1_0.name,
        w1_0.updated_at,
        w1_0.version 
    from
        wallets w1_0 
    where
        w1_0.id=?
Hibernate: 
    select
        w1_0.id,
        w1_0.balance,
        w1_0.created_at,
        w1_0.currency,
        w1_0.name,
        w1_0.updated_at,
        w1_0.version 
    from
        wallets w1_0 
    where
        w1_0.id=?
]]></system-out>
  </testcase>
  <testcase name="testDebitTransaction" classname="com.wallet.WalletServiceApplicationTests" time="0.096">
    <system-out><![CDATA[2025-12-29T15:58:54.945+01:00  INFO 24752 --- [wallet-service] [           main] com.wallet.controller.WalletController   : POST /wallets - Creating wallet
2025-12-29T15:58:54.946+01:00  INFO 24752 --- [wallet-service] [           main] com.wallet.service.WalletService         : Creating wallet with name: Test Wallet 8364ae85-d26e-482e-ad48-d1fbdd97cb7f, currency: USD
2025-12-29T15:58:54.947+01:00  INFO 24752 --- [wallet-service] [           main] com.wallet.service.WalletService         : Created wallet with ID: 389f0d14-c6d7-4b70-b262-d0760d019dcf
2025-12-29T15:58:54.953+01:00 DEBUG 24752 --- [wallet-service] [           main] org.hibernate.SQL                        : 
    insert 
    into
        wallets
        (balance, created_at, currency, name, updated_at, version, id) 
    values
        (?, ?, ?, ?, ?, ?, ?)
Hibernate: 
    insert 
    into
        wallets
        (balance, created_at, currency, name, updated_at, version, id) 
    values
        (?, ?, ?, ?, ?, ?, ?)
2025-12-29T15:58:54.980+01:00  INFO 24752 --- [wallet-service] [           main] c.w.controller.TransactionController     : POST /transactions - Type: DEBIT, Wallet: 389f0d14-c6d7-4b70-b262-d0760d019dcf
2025-12-29T15:58:54.981+01:00  INFO 24752 --- [wallet-service] [           main] com.wallet.service.WalletService         : Processing transaction - Type: DEBIT, Wallet: 389f0d14-c6d7-4b70-b262-d0760d019dcf, Amount: 3000, Key: test-debit-64820036-8150-41d5-aa29-2101d1f30985
2025-12-29T15:58:54.984+01:00 DEBUG 24752 --- [wallet-service] [           main] org.hibernate.SQL                        : 
    select
        t1_0.id,
        t1_0.amount,
        t1_0.balance_after,
        t1_0.created_at,
        t1_0.description,
        t1_0.idempotency_key,
        t1_0.related_wallet_id,
        t1_0.transfer_id,
        t1_0.type,
        t1_0.wallet_id 
    from
        transactions t1_0 
    where
        t1_0.idempotency_key=?
Hibernate: 
    select
        t1_0.id,
        t1_0.amount,
        t1_0.balance_after,
        t1_0.created_at,
        t1_0.description,
        t1_0.idempotency_key,
        t1_0.related_wallet_id,
        t1_0.transfer_id,
        t1_0.type,
        t1_0.wallet_id 
    from
        transactions t1_0 
    where
        t1_0.idempotency_key=?
2025-12-29T15:58:55.011+01:00 DEBUG 24752 --- [wallet-service] [           main] org.hibernate.SQL                        : 
    select
        w1_0.id,
        w1_0.balance,
        w1_0.created_at,
        w1_0.currency,
        w1_0.name,
        w1_0.updated_at,
        w1_0.version 
    from
        wallets w1_0 
    where
        w1_0.id=? for update
Hibernate: 
    select
        w1_0.id,
        w1_0.balance,
        w1_0.created_at,
        w1_0.currency,
        w1_0.name,
        w1_0.updated_at,
        w1_0.version 
    from
        wallets w1_0 
    where
        w1_0.id=? for update
2025-12-29T15:58:55.015+01:00  INFO 24752 --- [wallet-service] [           main] com.wallet.service.WalletService         : Transaction completed - ID: c429be8c-cbd4-441b-8657-7678c4e1afb8, New Balance: 7000
2025-12-29T15:58:55.017+01:00 DEBUG 24752 --- [wallet-service] [           main] org.hibernate.SQL                        : 
    insert 
    into
        transactions
        (amount, balance_after, created_at, description, idempotency_key, related_wallet_id, transfer_id, type, wallet_id, id) 
    values
        (?, ?, ?, ?, ?, ?, ?, ?, ?, ?)
Hibernate: 
    insert 
    into
        transactions
        (amount, balance_after, created_at, description, idempotency_key, related_wallet_id, transfer_id, type, wallet_id, id) 
    values
        (?, ?, ?, ?, ?, ?, ?, ?, ?, ?)
2025-12-29T15:58:55.019+01:00 DEBUG 24752 --- [wallet-service] [           main] org.hibernate.SQL                        : 
    update
        wallets 
    set
        balance=?,
        currency=?,
        name=?,
        updated_at=?,
        version=? 
    where
        id=? 
        and version=?
Hibernate: 
    update
        wallets 
    set
        balance=?,
        currency=?,
        name=?,
        updated_at=?,
        version=? 
    where
        id=? 
        and version=?
]]></system-out>
  </testcase>
  <testcase name="testCreditTransaction" classname="com.wallet.WalletServiceApplicationTests" time="0.078">
    <system-out><![CDATA[2025-12-29T15:58:55.064+01:00  INFO 24752 --- [wallet-service] [           main] com.wallet.controller.WalletController   : POST /wallets - Creating wallet
2025-12-29T15:58:55.065+01:00  INFO 24752 --- [wallet-service] [           main] com.wallet.service.WalletService         : Creating wallet with name: Test Wallet 42ad8427-5f7c-4bef-9fd1-fa6b4a0b0cd6, currency: USD
2025-12-29T15:58:55.067+01:00  INFO 24752 --- [wallet-service] [           main] com.wallet.service.WalletService         : Created wallet with ID: e5d21b2a-af76-4c02-b301-63a10a5e3139
2025-12-29T15:58:55.068+01:00 DEBUG 24752 --- [wallet-service] [           main] org.hibernate.SQL                        : 
    insert 
    into
        wallets
        (balance, created_at, currency, name, updated_at, version, id) 
    values
        (?, ?, ?, ?, ?, ?, ?)
Hibernate: 
    insert 
    into
        wallets
        (balance, created_at, currency, name, updated_at, version, id) 
    values
        (?, ?, ?, ?, ?, ?, ?)
2025-12-29T15:58:55.078+01:00  INFO 24752 --- [wallet-service] [           main] c.w.controller.TransactionController     : POST /transactions - Type: CREDIT, Wallet: e5d21b2a-af76-4c02-b301-63a10a5e3139
2025-12-29T15:58:55.079+01:00  INFO 24752 --- [wallet-service] [           main] com.wallet.service.WalletService         : Processing transaction - Type: CREDIT, Wallet: e5d21b2a-af76-4c02-b301-63a10a5e3139, Amount: 5000, Key: test-credit-21a7679f-5702-4ec7-9a4c-cc6bb5a666dc
2025-12-29T15:58:55.082+01:00 DEBUG 24752 --- [wallet-service] [           main] org.hibernate.SQL                        : 
    select
        t1_0.id,
        t1_0.amount,
        t1_0.balance_after,
        t1_0.created_at,
        t1_0.description,
        t1_0.idempotency_key,
        t1_0.related_wallet_id,
        t1_0.transfer_id,
        t1_0.type,
        t1_0.wallet_id 
    from
        transactions t1_0 
    where
        t1_0.idempotency_key=?
Hibernate: 
    select
        t1_0.id,
        t1_0.amount,
        t1_0.balance_after,
        t1_0.created_at,
        t1_0.description,
        t1_0.idempotency_key,
        t1_0.related_wallet_id,
        t1_0.transfer_id,
        t1_0.type,
        t1_0.wallet_id 
    from
        transactions t1_0 
    where
        t1_0.idempotency_key=?
2025-12-29T15:58:55.085+01:00 DEBUG 24752 --- [wallet-service] [           main] org.hibernate.SQL                        : 
    select
        w1_0.id,
        w1_0.balance,
        w1_0.created_at,
        w1_0.currency,
        w1_0.name,
        w1_0.updated_at,
        w1_0.version 
    from
        wallets w1_0 
    where
        w1_0.id=? for update
Hibernate: 
    select
        w1_0.id,
        w1_0.balance,
        w1_0.created_at,
        w1_0.currency,
        w1_0.name,
        w1_0.updated_at,
        w1_0.version 
    from
        wallets w1_0 
    where
        w1_0.id=? for update
2025-12-29T15:58:55.088+01:00  INFO 24752 --- [wallet-service] [           main] com.wallet.service.WalletService         : Transaction completed - ID: d45a89b5-74aa-4e62-a7df-a55bfa13c01f, New Balance: 15000
2025-12-29T15:58:55.092+01:00 DEBUG 24752 --- [wallet-service] [           main] org.hibernate.SQL                        : 
    insert 
    into
        transactions
        (amount, balance_after, created_at, description, idempotency_key, related_wallet_id, transfer_id, type, wallet_id, id) 
    values
        (?, ?, ?, ?, ?, ?, ?, ?, ?, ?)
Hibernate: 
    insert 
    into
        transactions
        (amount, balance_after, created_at, description, idempotency_key, related_wallet_id, transfer_id, type, wallet_id, id) 
    values
        (?, ?, ?, ?, ?, ?, ?, ?, ?, ?)
2025-12-29T15:58:55.094+01:00 DEBUG 24752 --- [wallet-service] [           main] org.hibernate.SQL                        : 
    update
        wallets 
    set
        balance=?,
        currency=?,
        name=?,
        updated_at=?,
        version=? 
    where
        id=? 
        and version=?
Hibernate: 
    update
        wallets 
    set
        balance=?,
        currency=?,
        name=?,
        updated_at=?,
        version=? 
    where
        id=? 
        and version=?
]]></system-out>
  </testcase>
  <testcase name="testTransferInsufficientBalance" classname="com.wallet.WalletServiceApplicationTests" time="0.081">
    <system-out><![CDATA[2025-12-29T15:58:55.126+01:00  INFO 24752 --- [wallet-service] [           main] com.wallet.controller.WalletController   : POST /wallets - Creating wallet
2025-12-29T15:58:55.127+01:00  INFO 24752 --- [wallet-service] [           main] com.wallet.service.WalletService         : Creating wallet with name: Test Wallet 0b4fa338-d23a-4d56-8767-1b4241b4fd22, currency: USD
2025-12-29T15:58:55.128+01:00  INFO 24752 --- [wallet-service] [           main] com.wallet.service.WalletService         : Created wallet with ID: fe338f0f-4dac-438c-bd54-be47eabaaa18
2025-12-29T15:58:55.129+01:00 DEBUG 24752 --- [wallet-service] [           main] org.hibernate.SQL                        : 
    insert 
    into
        wallets
        (balance, created_at, currency, name, updated_at, version, id) 
    values
        (?, ?, ?, ?, ?, ?, ?)
Hibernate: 
    insert 
    into
        wallets
        (balance, created_at, currency, name, updated_at, version, id) 
    values
        (?, ?, ?, ?, ?, ?, ?)
2025-12-29T15:58:55.135+01:00  INFO 24752 --- [wallet-service] [           main] com.wallet.controller.WalletController   : POST /wallets - Creating wallet
2025-12-29T15:58:55.135+01:00  INFO 24752 --- [wallet-service] [           main] com.wallet.service.WalletService         : Creating wallet with name: Test Wallet 3f2e7d68-ae2a-4807-99de-729aae8933c9, currency: USD
2025-12-29T15:58:55.136+01:00  INFO 24752 --- [wallet-service] [           main] com.wallet.service.WalletService         : Created wallet with ID: dc21207c-79ff-4c82-830d-64dd44b1f3f2
2025-12-29T15:58:55.137+01:00 DEBUG 24752 --- [wallet-service] [           main] org.hibernate.SQL                        : 
    insert 
    into
        wallets
        (balance, created_at, currency, name, updated_at, version, id) 
    values
        (?, ?, ?, ?, ?, ?, ?)
Hibernate: 
    insert 
    into
        wallets
        (balance, created_at, currency, name, updated_at, version, id) 
    values
        (?, ?, ?, ?, ?, ?, ?)
2025-12-29T15:58:55.146+01:00  INFO 24752 --- [wallet-service] [           main] c.w.controller.TransactionController     : POST /transactions/transfer - From: fe338f0f-4dac-438c-bd54-be47eabaaa18, To: dc21207c-79ff-4c82-830d-64dd44b1f3f2
2025-12-29T15:58:55.147+01:00  INFO 24752 --- [wallet-service] [           main] com.wallet.service.WalletService         : Processing transfer - From: fe338f0f-4dac-438c-bd54-be47eabaaa18, To: dc21207c-79ff-4c82-830d-64dd44b1f3f2, Amount: 5000, Key: test-transfer-fail-13700208-46cb-495a-a3f9-950ebfe51ace
2025-12-29T15:58:55.150+01:00 DEBUG 24752 --- [wallet-service] [           main] org.hibernate.SQL                        : 
    select
        t1_0.id,
        t1_0.amount,
        t1_0.balance_after,
        t1_0.created_at,
        t1_0.description,
        t1_0.idempotency_key,
        t1_0.related_wallet_id,
        t1_0.transfer_id,
        t1_0.type,
        t1_0.wallet_id 
    from
        transactions t1_0 
    where
        t1_0.idempotency_key=?
Hibernate: 
    select
        t1_0.id,
        t1_0.amount,
        t1_0.balance_after,
        t1_0.created_at,
        t1_0.description,
        t1_0.idempotency_key,
        t1_0.related_wallet_id,
        t1_0.transfer_id,
        t1_0.type,
        t1_0.wallet_id 
    from
        transactions t1_0 
    where
        t1_0.idempotency_key=?
2025-12-29T15:58:55.154+01:00 DEBUG 24752 --- [wallet-service] [           main] org.hibernate.SQL                        : 
    select
        w1_0.id,
        w1_0.balance,
        w1_0.created_at,
        w1_0.currency,
        w1_0.name,
        w1_0.updated_at,
        w1_0.version 
    from
        wallets w1_0 
    where
        w1_0.id=? for update
Hibernate: 
    select
        w1_0.id,
        w1_0.balance,
        w1_0.created_at,
        w1_0.currency,
        w1_0.name,
        w1_0.updated_at,
        w1_0.version 
    from
        wallets w1_0 
    where
        w1_0.id=? for update
2025-12-29T15:58:55.161+01:00 DEBUG 24752 --- [wallet-service] [           main] org.hibernate.SQL                        : 
    select
        w1_0.id,
        w1_0.balance,
        w1_0.created_at,
        w1_0.currency,
        w1_0.name,
        w1_0.updated_at,
        w1_0.version 
    from
        wallets w1_0 
    where
        w1_0.id=? for update
Hibernate: 
    select
        w1_0.id,
        w1_0.balance,
        w1_0.created_at,
        w1_0.currency,
        w1_0.name,
        w1_0.updated_at,
        w1_0.version 
    from
        wallets w1_0 
    where
        w1_0.id=? for update
2025-12-29T15:58:55.165+01:00  WARN 24752 --- [wallet-service] [           main] c.w.exception.GlobalExceptionHandler     : Insufficient balance: Insufficient balance. Current: 1000, Requested: 5000
2025-12-29T15:58:55.168+01:00  INFO 24752 --- [wallet-service] [           main] com.wallet.controller.WalletController   : GET /wallets/fe338f0f-4dac-438c-bd54-be47eabaaa18
2025-12-29T15:58:55.169+01:00 DEBUG 24752 --- [wallet-service] [           main] com.wallet.service.WalletService         : Getting wallet: fe338f0f-4dac-438c-bd54-be47eabaaa18
2025-12-29T15:58:55.170+01:00 DEBUG 24752 --- [wallet-service] [           main] org.hibernate.SQL                        : 
    select
        w1_0.id,
        w1_0.balance,
        w1_0.created_at,
        w1_0.currency,
        w1_0.name,
        w1_0.updated_at,
        w1_0.version 
    from
        wallets w1_0 
    where
        w1_0.id=?
Hibernate: 
    select
        w1_0.id,
        w1_0.balance,
        w1_0.created_at,
        w1_0.currency,
        w1_0.name,
        w1_0.updated_at,
        w1_0.version 
    from
        wallets w1_0 
    where
        w1_0.id=?
2025-12-29T15:58:55.179+01:00  INFO 24752 --- [wallet-service] [           main] com.wallet.controller.WalletController   : GET /wallets/dc21207c-79ff-4c82-830d-64dd44b1f3f2
2025-12-29T15:58:55.180+01:00 DEBUG 24752 --- [wallet-service] [           main] com.wallet.service.WalletService         : Getting wallet: dc21207c-79ff-4c82-830d-64dd44b1f3f2
2025-12-29T15:58:55.181+01:00 DEBUG 24752 --- [wallet-service] [           main] org.hibernate.SQL                        : 
    select
        w1_0.id,
        w1_0.balance,
        w1_0.created_at,
        w1_0.currency,
        w1_0.name,
        w1_0.updated_at,
        w1_0.version 
    from
        wallets w1_0 
    where
        w1_0.id=?
Hibernate: 
    select
        w1_0.id,
        w1_0.balance,
        w1_0.created_at,
        w1_0.currency,
        w1_0.name,
        w1_0.updated_at,
        w1_0.version 
    from
        wallets w1_0 
    where
        w1_0.id=?
]]></system-out>
  </testcase>
  <testcase name="testWalletNotFound" classname="com.wallet.WalletServiceApplicationTests" time="0.016">
    <system-out><![CDATA[2025-12-29T15:58:55.212+01:00  INFO 24752 --- [wallet-service] [           main] com.wallet.controller.WalletController   : GET /wallets/04d0ed7f-e680-4f96-887c-4cc15a360d54
2025-12-29T15:58:55.213+01:00 DEBUG 24752 --- [wallet-service] [           main] com.wallet.service.WalletService         : Getting wallet: 04d0ed7f-e680-4f96-887c-4cc15a360d54
2025-12-29T15:58:55.214+01:00 DEBUG 24752 --- [wallet-service] [           main] org.hibernate.SQL                        : 
    select
        w1_0.id,
        w1_0.balance,
        w1_0.created_at,
        w1_0.currency,
        w1_0.name,
        w1_0.updated_at,
        w1_0.version 
    from
        wallets w1_0 
    where
        w1_0.id=?
Hibernate: 
    select
        w1_0.id,
        w1_0.balance,
        w1_0.created_at,
        w1_0.currency,
        w1_0.name,
        w1_0.updated_at,
        w1_0.version 
    from
        wallets w1_0 
    where
        w1_0.id=?
2025-12-29T15:58:55.216+01:00  WARN 24752 --- [wallet-service] [           main] c.w.exception.GlobalExceptionHandler     : Wallet not found: Wallet not found with ID: 04d0ed7f-e680-4f96-887c-4cc15a360d54
]]></system-out>
  </testcase>
  <testcase name="contextLoads" classname="com.wallet.WalletServiceApplicationTests" time="0.006"/>
  <testcase name="testGetWallet" classname="com.wallet.WalletServiceApplicationTests" time="0.032">
    <system-out><![CDATA[2025-12-29T15:58:55.238+01:00  INFO 24752 --- [wallet-service] [           main] com.wallet.controller.WalletController   : POST /wallets - Creating wallet
2025-12-29T15:58:55.239+01:00  INFO 24752 --- [wallet-service] [           main] com.wallet.service.WalletService         : Creating wallet with name: Get Test Wallet, currency: USD
2025-12-29T15:58:55.239+01:00  INFO 24752 --- [wallet-service] [           main] com.wallet.service.WalletService         : Created wallet with ID: 080cc750-4a08-4f66-a5d0-d12ab0444322
2025-12-29T15:58:55.244+01:00 DEBUG 24752 --- [wallet-service] [           main] org.hibernate.SQL                        : 
    insert 
    into
        wallets
        (balance, created_at, currency, name, updated_at, version, id) 
    values
        (?, ?, ?, ?, ?, ?, ?)
Hibernate: 
    insert 
    into
        wallets
        (balance, created_at, currency, name, updated_at, version, id) 
    values
        (?, ?, ?, ?, ?, ?, ?)
2025-12-29T15:58:55.252+01:00  INFO 24752 --- [wallet-service] [           main] com.wallet.controller.WalletController   : GET /wallets/080cc750-4a08-4f66-a5d0-d12ab0444322
2025-12-29T15:58:55.252+01:00 DEBUG 24752 --- [wallet-service] [           main] com.wallet.service.WalletService         : Getting wallet: 080cc750-4a08-4f66-a5d0-d12ab0444322
2025-12-29T15:58:55.253+01:00 DEBUG 24752 --- [wallet-service] [           main] org.hibernate.SQL                        : 
    select
        w1_0.id,
        w1_0.balance,
        w1_0.created_at,
        w1_0.currency,
        w1_0.name,
        w1_0.updated_at,
        w1_0.version 
    from
        wallets w1_0 
    where
        w1_0.id=?
Hibernate: 
    select
        w1_0.id,
        w1_0.balance,
        w1_0.created_at,
        w1_0.currency,
        w1_0.name,
        w1_0.updated_at,
        w1_0.version 
    from
        wallets w1_0 
    where
        w1_0.id=?
]]></system-out>
  </testcase>
  <testcase name="testTransfer" classname="com.wallet.WalletServiceApplicationTests" time="0.135">
    <system-out><![CDATA[2025-12-29T15:58:55.272+01:00  INFO 24752 --- [wallet-service] [           main] com.wallet.controller.WalletController   : POST /wallets - Creating wallet
2025-12-29T15:58:55.273+01:00  INFO 24752 --- [wallet-service] [           main] com.wallet.service.WalletService         : Creating wallet with name: Test Wallet e5f0ea00-f6d1-438c-90f9-ecd3891ddc35, currency: USD
2025-12-29T15:58:55.276+01:00  INFO 24752 --- [wallet-service] [           main] com.wallet.service.WalletService         : Created wallet with ID: 4a9b3289-bce1-464f-823a-99f03a782185
2025-12-29T15:58:55.277+01:00 DEBUG 24752 --- [wallet-service] [           main] org.hibernate.SQL                        : 
    insert 
    into
        wallets
        (balance, created_at, currency, name, updated_at, version, id) 
    values
        (?, ?, ?, ?, ?, ?, ?)
Hibernate: 
    insert 
    into
        wallets
        (balance, created_at, currency, name, updated_at, version, id) 
    values
        (?, ?, ?, ?, ?, ?, ?)
2025-12-29T15:58:55.288+01:00  INFO 24752 --- [wallet-service] [           main] com.wallet.controller.WalletController   : POST /wallets - Creating wallet
2025-12-29T15:58:55.289+01:00  INFO 24752 --- [wallet-service] [           main] com.wallet.service.WalletService         : Creating wallet with name: Test Wallet 4ffa9c43-48c3-4d70-8efc-07da21900e0b, currency: USD
2025-12-29T15:58:55.293+01:00  INFO 24752 --- [wallet-service] [           main] com.wallet.service.WalletService         : Created wallet with ID: 8905a57a-ed0c-4cf6-a6b0-dd2b06dc2c93
2025-12-29T15:58:55.296+01:00 DEBUG 24752 --- [wallet-service] [           main] org.hibernate.SQL                        : 
    insert 
    into
        wallets
        (balance, created_at, currency, name, updated_at, version, id) 
    values
        (?, ?, ?, ?, ?, ?, ?)
Hibernate: 
    insert 
    into
        wallets
        (balance, created_at, currency, name, updated_at, version, id) 
    values
        (?, ?, ?, ?, ?, ?, ?)
2025-12-29T15:58:55.304+01:00  INFO 24752 --- [wallet-service] [           main] c.w.controller.TransactionController     : POST /transactions/transfer - From: 4a9b3289-bce1-464f-823a-99f03a782185, To: 8905a57a-ed0c-4cf6-a6b0-dd2b06dc2c93
2025-12-29T15:58:55.304+01:00  INFO 24752 --- [wallet-service] [           main] com.wallet.service.WalletService         : Processing transfer - From: 4a9b3289-bce1-464f-823a-99f03a782185, To: 8905a57a-ed0c-4cf6-a6b0-dd2b06dc2c93, Amount: 3000, Key: test-transfer-c9bc7984-208f-4c38-b22b-45382ff7a841
2025-12-29T15:58:55.308+01:00 DEBUG 24752 --- [wallet-service] [           main] org.hibernate.SQL                        : 
    select
        t1_0.id,
        t1_0.amount,
        t1_0.balance_after,
        t1_0.created_at,
        t1_0.description,
        t1_0.idempotency_key,
        t1_0.related_wallet_id,
        t1_0.transfer_id,
        t1_0.type,
        t1_0.wallet_id 
    from
        transactions t1_0 
    where
        t1_0.idempotency_key=?
Hibernate: 
    select
        t1_0.id,
        t1_0.amount,
        t1_0.balance_after,
        t1_0.created_at,
        t1_0.description,
        t1_0.idempotency_key,
        t1_0.related_wallet_id,
        t1_0.transfer_id,
        t1_0.type,
        t1_0.wallet_id 
    from
        transactions t1_0 
    where
        t1_0.idempotency_key=?
2025-12-29T15:58:55.313+01:00 DEBUG 24752 --- [wallet-service] [           main] org.hibernate.SQL                        : 
    select
        w1_0.id,
        w1_0.balance,
        w1_0.created_at,
        w1_0.currency,
        w1_0.name,
        w1_0.updated_at,
        w1_0.version 
    from
        wallets w1_0 
    where
        w1_0.id=? for update
Hibernate: 
    select
        w1_0.id,
        w1_0.balance,
        w1_0.created_at,
        w1_0.currency,
        w1_0.name,
        w1_0.updated_at,
        w1_0.version 
    from
        wallets w1_0 
    where
        w1_0.id=? for update
2025-12-29T15:58:55.317+01:00 DEBUG 24752 --- [wallet-service] [           main] org.hibernate.SQL                        : 
    select
        w1_0.id,
        w1_0.balance,
        w1_0.created_at,
        w1_0.currency,
        w1_0.name,
        w1_0.updated_at,
        w1_0.version 
    from
        wallets w1_0 
    where
        w1_0.id=? for update
Hibernate: 
    select
        w1_0.id,
        w1_0.balance,
        w1_0.created_at,
        w1_0.currency,
        w1_0.name,
        w1_0.updated_at,
        w1_0.version 
    from
        wallets w1_0 
    where
        w1_0.id=? for update
2025-12-29T15:58:55.321+01:00  INFO 24752 --- [wallet-service] [           main] com.wallet.service.WalletService         : Transfer completed - ID: c5edd534-af47-4fbe-a8d2-a107f88d054b, Sender Balance: 7000, Receiver Balance: 8000
2025-12-29T15:58:55.330+01:00 DEBUG 24752 --- [wallet-service] [           main] org.hibernate.SQL                        : 
    insert 
    into
        transactions
        (amount, balance_after, created_at, description, idempotency_key, related_wallet_id, transfer_id, type, wallet_id, id) 
    values
        (?, ?, ?, ?, ?, ?, ?, ?, ?, ?)
Hibernate: 
    insert 
    into
        transactions
        (amount, balance_after, created_at, description, idempotency_key, related_wallet_id, transfer_id, type, wallet_id, id) 
    values
        (?, ?, ?, ?, ?, ?, ?, ?, ?, ?)
2025-12-29T15:58:55.332+01:00 DEBUG 24752 --- [wallet-service] [           main] org.hibernate.SQL                        : 
    insert 
    into
        transactions
        (amount, balance_after, created_at, description, idempotency_key, related_wallet_id, transfer_id, type, wallet_id, id) 
    values
        (?, ?, ?, ?, ?, ?, ?, ?, ?, ?)
Hibernate: 
    insert 
    into
        transactions
        (amount, balance_after, created_at, description, idempotency_key, related_wallet_id, transfer_id, type, wallet_id, id) 
    values
        (?, ?, ?, ?, ?, ?, ?, ?, ?, ?)
2025-12-29T15:58:55.334+01:00 DEBUG 24752 --- [wallet-service] [           main] org.hibernate.SQL                        : 
    update
        wallets 
    set
        balance=?,
        currency=?,
        name=?,
        updated_at=?,
        version=? 
    where
        id=? 
        and version=?
Hibernate: 
    update
        wallets 
    set
        balance=?,
        currency=?,
        name=?,
        updated_at=?,
        version=? 
    where
        id=? 
        and version=?
2025-12-29T15:58:55.336+01:00 DEBUG 24752 --- [wallet-service] [           main] org.hibernate.SQL                        : 
    update
        wallets 
    set
        balance=?,
        currency=?,
        name=?,
        updated_at=?,
        version=? 
    where
        id=? 
        and version=?
Hibernate: 
    update
        wallets 
    set
        balance=?,
        currency=?,
        name=?,
        updated_at=?,
        version=? 
    where
        id=? 
        and version=?
2025-12-29T15:58:55.352+01:00  INFO 24752 --- [wallet-service] [           main] com.wallet.controller.WalletController   : GET /wallets/4a9b3289-bce1-464f-823a-99f03a782185
2025-12-29T15:58:55.352+01:00 DEBUG 24752 --- [wallet-service] [           main] com.wallet.service.WalletService         : Getting wallet: 4a9b3289-bce1-464f-823a-99f03a782185
2025-12-29T15:58:55.353+01:00 DEBUG 24752 --- [wallet-service] [           main] org.hibernate.SQL                        : 
    select
        w1_0.id,
        w1_0.balance,
        w1_0.created_at,
        w1_0.currency,
        w1_0.name,
        w1_0.updated_at,
        w1_0.version 
    from
        wallets w1_0 
    where
        w1_0.id=?
Hibernate: 
    select
        w1_0.id,
        w1_0.balance,
        w1_0.created_at,
        w1_0.currency,
        w1_0.name,
        w1_0.updated_at,
        w1_0.version 
    from
        wallets w1_0 
    where
        w1_0.id=?
2025-12-29T15:58:55.363+01:00  INFO 24752 --- [wallet-service] [           main] com.wallet.controller.WalletController   : GET /wallets/8905a57a-ed0c-4cf6-a6b0-dd2b06dc2c93
2025-12-29T15:58:55.364+01:00 DEBUG 24752 --- [wallet-service] [           main] com.wallet.service.WalletService         : Getting wallet: 8905a57a-ed0c-4cf6-a6b0-dd2b06dc2c93
2025-12-29T15:58:55.365+01:00 DEBUG 24752 --- [wallet-service] [           main] org.hibernate.SQL                        : 
    select
        w1_0.id,
        w1_0.balance,
        w1_0.created_at,
        w1_0.currency,
        w1_0.name,
        w1_0.updated_at,
        w1_0.version 
    from
        wallets w1_0 
    where
        w1_0.id=?
Hibernate: 
    select
        w1_0.id,
        w1_0.balance,
        w1_0.created_at,
        w1_0.currency,
        w1_0.name,
        w1_0.updated_at,
        w1_0.version 
    from
        wallets w1_0 
    where
        w1_0.id=?
]]></system-out>
  </testcase>
</testsuite>